{ Using PSTWRITER 17.2.0 d001Mar-05-2020 at 18:14:04 }

#1 WARNING(ORCAP-36050): No pins are present in LBL1. Ignoring this component in netlist.
#2 WARNING(ORCAP-36038): "No_connect" property on Pin "U5.110" ignored for U5: EnergyTrace LaunchPad, 4_XDS110 (248.92, 30.48). Connecting pin to net "ET_PN3".
#3 WARNING(ORCAP-36038): "No_connect" property on Pin "U38.9" ignored for U38: EnergyTrace LaunchPad, 5_EnergyTrace (45.72, 144.78). Connecting pin to net "GND".
#4 WARNING(ORCAP-36038): "No_connect" property on Pin "U38.7" ignored for U38: EnergyTrace LaunchPad, 5_EnergyTrace (45.72, 144.78). Connecting pin to net "GND".
#5 WARNING(ORCAP-36038): "No_connect" property on Pin "U38.10" ignored for U38: EnergyTrace LaunchPad, 5_EnergyTrace (45.72, 144.78). Connecting pin to net "GND".
#6 WARNING(ORCAP-36038): "No_connect" property on Pin "U33.2" ignored for U33: EnergyTrace LaunchPad, 5_EnergyTrace (45.72, 38.10). Connecting pin to net "N2986433".
#7 WARNING(ORCAP-36038): "No_connect" property on Pin "U33.7" ignored for U33: EnergyTrace LaunchPad, 5_EnergyTrace (45.72, 38.10). Connecting pin to net "N2986529".
#8 WARNING(ORCAP-36038): "No_connect" property on Pin "U38.2" ignored for U38: EnergyTrace LaunchPad, 5_EnergyTrace (45.72, 144.78). Connecting pin to net "N2988673".
#9 WARNING(ORCAP-36038): "No_connect" property on Pin "U5.37" ignored for U5: EnergyTrace LaunchPad, 4_XDS110 (248.92, 30.48). Connecting pin to net "XDS_TDO".
#10 WARNING(ORCAP-36038): "No_connect" property on Pin "U5.38" ignored for U5: EnergyTrace LaunchPad, 4_XDS110 (248.92, 30.48). Connecting pin to net "XDS_TDI".
#11 WARNING(ORCAP-36038): "No_connect" property on Pin "U5.77" ignored for U5: EnergyTrace LaunchPad, 4_XDS110 (248.92, 30.48). Connecting pin to net "ET_CALIBRATE".
#12 WARNING(ORCAP-36038): "No_connect" property on Pin "U5.84" ignored for U5: EnergyTrace LaunchPad, 4_XDS110 (248.92, 30.48). Connecting pin to net "USBD3".
#13 WARNING(ORCAP-36038): "No_connect" property on Pin "J11.1" ignored for J11: EnergyTrace LaunchPad, NEW_GT (149.86, 116.84). Connecting pin to net "USB_VBUS".
#14 WARNING(ORCAP-36038): "No_connect" property on Pin "U5.12" ignored for U5: EnergyTrace LaunchPad, 4_XDS110 (248.92, 30.48). Connecting pin to net "VBUS_DET".
#15 WARNING(ORCAP-36038): "No_connect" property on Pin "U5.85" ignored for U5: EnergyTrace LaunchPad, 4_XDS110 (248.92, 30.48). Connecting pin to net "USBD4".
#16 WARNING(ORCAP-36038): "No_connect" property on Pin "U5.106" ignored for U5: EnergyTrace LaunchPad, 4_XDS110 (248.92, 30.48). Connecting pin to net "USBD6".
#17 WARNING(ORCAP-36038): "No_connect" property on Pin "U5.92" ignored for U5: EnergyTrace LaunchPad, 4_XDS110 (248.92, 30.48). Connecting pin to net "USBCLK".
#18 WARNING(ORCAP-36038): "No_connect" property on Pin "J9.11" ignored for J9: EnergyTrace LaunchPad, NEW_GT (71.12, 160.02). Connecting pin to net "USBDP_WIFI".
#19 WARNING(ORCAP-36038): "No_connect" property on Pin "U5.60" ignored for U5: EnergyTrace LaunchPad, 4_XDS110 (248.92, 30.48). Connecting pin to net "N2942779".
#20 WARNING(ORCAP-36038): "No_connect" property on Pin "J9.9" ignored for J9: EnergyTrace LaunchPad, NEW_GT (71.12, 160.02). Connecting pin to net "USBDM_WIFI".
#21 WARNING(ORCAP-36038): "No_connect" property on Pin "U38.5" ignored for U38: EnergyTrace LaunchPad, 5_EnergyTrace (45.72, 144.78). Connecting pin to net "TARGET_VDD".
#22 WARNING(ORCAP-36038): "No_connect" property on Pin "U5.74" ignored for U5: EnergyTrace LaunchPad, 4_XDS110 (248.92, 30.48). Connecting pin to net "ET_CAL0".
#23 WARNING(ORCAP-36038): "No_connect" property on Pin "U5.73" ignored for U5: EnergyTrace LaunchPad, 4_XDS110 (248.92, 30.48). Connecting pin to net "ET_CAL1".
#24 WARNING(ORCAP-36038): "No_connect" property on Pin "U5.23" ignored for U5: EnergyTrace LaunchPad, 4_XDS110 (248.92, 30.48). Connecting pin to net "ET_CAL2".
#25 WARNING(ORCAP-36038): "No_connect" property on Pin "U5.91" ignored for U5: EnergyTrace LaunchPad, 4_XDS110 (248.92, 30.48). Connecting pin to net "USBSTP".
#26 WARNING(ORCAP-36038): "No_connect" property on Pin "P8.4" ignored for P8: EnergyTrace LaunchPad, 4_XDS110 (147.32, 27.94). Connecting pin to net "ITCK".
#27 WARNING(ORCAP-36038): "No_connect" property on Pin "U5.103" ignored for U5: EnergyTrace LaunchPad, 4_XDS110 (248.92, 30.48). Connecting pin to net "USBNXT".
#28 WARNING(ORCAP-36038): "No_connect" property on Pin "U5.78" ignored for U5: EnergyTrace LaunchPad, 4_XDS110 (248.92, 30.48). Connecting pin to net "ET_BYPASS".
#29 WARNING(ORCAP-36038): "No_connect" property on Pin "U5.59" ignored for U5: EnergyTrace LaunchPad, 4_XDS110 (309.88, 213.36). Connecting pin to net "N2944733".
#30 WARNING(ORCAP-36038): "No_connect" property on Pin "U5.105" ignored for U5: EnergyTrace LaunchPad, 4_XDS110 (248.92, 30.48). Connecting pin to net "USBD7".
#31 WARNING(ORCAP-36038): "No_connect" property on Pin "U5.82" ignored for U5: EnergyTrace LaunchPad, 4_XDS110 (248.92, 30.48). Connecting pin to net "USBD1".
#32 WARNING(ORCAP-36038): "No_connect" property on Pin "U5.83" ignored for U5: EnergyTrace LaunchPad, 4_XDS110 (248.92, 30.48). Connecting pin to net "USBD2".
#33 WARNING(ORCAP-36038): "No_connect" property on Pin "U5.86" ignored for U5: EnergyTrace LaunchPad, 4_XDS110 (248.92, 30.48). Connecting pin to net "USBD5".
#34 WARNING(ORCAP-36038): "No_connect" property on Pin "U5.81" ignored for U5: EnergyTrace LaunchPad, 4_XDS110 (248.92, 30.48). Connecting pin to net "USBD0".
#35 WARNING(ORCAP-36038): "No_connect" property on Pin "U5.104" ignored for U5: EnergyTrace LaunchPad, 4_XDS110 (248.92, 30.48). Connecting pin to net "USBDIR".
#36 WARNING(ORCAP-36038): "No_connect" property on Pin "J10.5" ignored for J10: EnergyTrace LaunchPad, NEW_GT (152.40, 160.02). Connecting pin to net "WMCU_RXD".
#37 WARNING(ORCAP-36038): "No_connect" property on Pin "J10.3" ignored for J10: EnergyTrace LaunchPad, NEW_GT (152.40, 160.02). Connecting pin to net "WMCU_TXD".
#38 WARNING(ORCAP-36038): "No_connect" property on Pin "U5.120" ignored for U5: EnergyTrace LaunchPad, 4_XDS110 (248.92, 30.48). Connecting pin to net "ET_SSICLK".
#39 WARNING(ORCAP-36038): "No_connect" property on Pin "U5.123" ignored for U5: EnergyTrace LaunchPad, 4_XDS110 (248.92, 30.48). Connecting pin to net "ET_SSIDAT0".
#40 WARNING(ORCAP-36038): "No_connect" property on Pin "U5.124" ignored for U5: EnergyTrace LaunchPad, 4_XDS110 (248.92, 30.48). Connecting pin to net "ET_SSIDAT1".
#41 WARNING(ORCAP-36038): "No_connect" property on Pin "U5.121" ignored for U5: EnergyTrace LaunchPad, 4_XDS110 (248.92, 30.48). Connecting pin to net "ET_SSIFSS".
#42 WARNING(ORCAP-36038): "No_connect" property on Pin "U5.76" ignored for U5: EnergyTrace LaunchPad, 4_XDS110 (248.92, 30.48). Connecting pin to net "ET_PM2".
INFO(ORCAP-36102): Diff Pair DRC check Warnings:
INFO(ORCAP-17055): Differential pair USBDATA has only one net USBDP associated with it. A valid differential pair must have two nets associated with it. 

#43 WARNING(ORCAP-36006): Part Name "ANTENNA_PCB_ANTENNA_DN024N_DISCRETE_868MHZ/2440MHZ" is renamed to "ANTENNA_PCB_ANTENNA_DN024N_DISC".
#44 WARNING(ORCAP-36006): Part Name "CAPACITOR_CAPC1005X60B2N_DISCRETE_12PF" is renamed to "CAPACITOR_CAPC1005X60B2N_DISCRE".
#45 WARNING(ORCAP-36006): Part Name "CAPACITOR_CAPC1005X60A2N_DISCRETE_33NF_CAPC1005X60A2L,CAPC1005X60A2M" is renamed to "CAPACITOR_CAPC1005X60A2N_DISCRE".
#46 WARNING(ORCAP-36006): Part Name "CAPACITOR_CAPC1005X60B2N_DISCRETE_10NF" is renamed to "CAPACITOR_CAPC1005X60B2N_DISC_1".
#47 WARNING(ORCAP-36006): Part Name "CAPACITOR_CAPC1005X60B2N_DISCRETE_0.1UF" is renamed to "CAPACITOR_CAPC1005X60B2N_DISC_2".
#48 WARNING(ORCAP-36006): Part Name "CAPACITOR_CAPC1608X90A2N_DISCRETE_3.3UF_CAPC1608X90A2L,CAPC1608X90A2M" is renamed to "CAPACITOR_CAPC1608X90A2N_DISCRE".
#49 WARNING(ORCAP-36006): Part Name "CAPACITOR_POL_CAPMP7343X200N_DISCRETE_220UF_CAPMP7343X200L,CAPMP7343X200M" is renamed to "CAPACITOR_POL_CAPMP7343X200N_DI".
#50 WARNING(ORCAP-36006): Part Name "CAPACITOR_CAPC1608X100A2N_DISCRETE_22UF_CAPC1608X100A2L,CAPC1608X100A2M" is renamed to "CAPACITOR_CAPC1608X100A2N_DISCR".
#51 WARNING(ORCAP-36006): Part Name "CAPACITOR_CAPC2012X150A2N_DISCRETE_10UF_CAPC2012X150A2L,CAPC2012X150A2M" is renamed to "CAPACITOR_CAPC2012X150A2N_DISCR".
#52 WARNING(ORCAP-36006): Part Name "CAPACITOR_CAPC1005X60B2N_DISCRETE_1.1PF" is renamed to "CAPACITOR_CAPC1005X60B2N_DISC_3".
#53 WARNING(ORCAP-36006): Part Name "CAPACITOR_CAPC1005X60B2N_DISCRETE_270PF" is renamed to "CAPACITOR_CAPC1005X60B2N_DISC_4".
#54 WARNING(ORCAP-36006): Part Name "CAPACITOR_CAPC1005X60B2N_DISCRETE_1UF" is renamed to "CAPACITOR_CAPC1005X60B2N_DISC_5".
#55 WARNING(ORCAP-36006): Part Name "CAPACITOR_CAPC1005X60A2N_DISCRETE_470PF_CAPC1005X60A2L,CAPC1005X60A2M" is renamed to "CAPACITOR_CAPC1005X60A2N_DISC_1".
#56 WARNING(ORCAP-36006): Part Name "CAPACITOR_CAPC1005X60B2N_DISCRETE_1PF" is renamed to "CAPACITOR_CAPC1005X60B2N_DISC_6".
#57 WARNING(ORCAP-36006): Part Name "CAPACITOR_CAPC1005X60A2N_DISCRETE_1NF_CAPC1005X60A2L,CAPC1005X60A2M" is renamed to "CAPACITOR_CAPC1005X60A2N_DISC_2".
#58 WARNING(ORCAP-36006): Part Name "CAPACITOR_CAPC1005X60A2N_DISCRETE_22NF_CAPC1005X60A2L,CAPC1005X60A2M" is renamed to "CAPACITOR_CAPC1005X60A2N_DISC_3".
#59 WARNING(ORCAP-36006): Part Name "CAPACITOR_CAPC1005X60A2N_DISCRETE_2.2UF_CAPC1005X60A2L,CAPC1005X60A2M" is renamed to "CAPACITOR_CAPC1005X60A2N_DISC_4".
#60 WARNING(ORCAP-36006): Part Name "CAPACITOR_CAPC2012X150A2N_DISCRETE_47UF_CAPC2012X150A2L,CAPC2012X150A2M" is renamed to "CAPACITOR_CAPC2012X150A2N_DIS_1".
#61 WARNING(ORCAP-36006): Part Name "CAPACITOR_CAPC1005X60B2N_DISCRETE_15PF" is renamed to "CAPACITOR_CAPC1005X60B2N_DISC_7".
#62 WARNING(ORCAP-36006): Part Name "CAPACITOR_CAPC1005X60B2N_DISCRETE_1.2PF" is renamed to "CAPACITOR_CAPC1005X60B2N_DISC_8".
#63 WARNING(ORCAP-36006): Part Name "CAPACITOR_CAPC1005X60B2N_DISCRETE_100PF" is renamed to "CAPACITOR_CAPC1005X60B2N_DISC_9".
#64 WARNING(ORCAP-36006): Part Name "CAPACITOR_CAPC1005X60B2N_DISCRETE_3PF" is renamed to "CAPACITOR_CAPC1005X60B2N_DIS_10".
#65 WARNING(ORCAP-36006): Part Name "CAPACITOR_CAPC1005X60B2N_DISCRETE_2.7PF" is renamed to "CAPACITOR_CAPC1005X60B2N_DIS_11".
#66 WARNING(ORCAP-36006): Part Name "CAPACITOR_CAPC1005X60B2N_DISCRETE_3.6PF" is renamed to "CAPACITOR_CAPC1005X60B2N_DIS_12".
#67 WARNING(ORCAP-36006): Part Name "CAPACITOR_CAPC3225X280A2N_DISCRETE_220UF_CAPC3225X280A2L,CAPC3225X280A2M" is renamed to "CAPACITOR_CAPC3225X280A2N_DISCR".
#68 WARNING(ORCAP-36006): Part Name "CAPACITOR_CAPC0603X35B2N_DISCRETE_100NF_CAPC0603X35B2L,CAPC0603X35B2M" is renamed to "CAPACITOR_CAPC0603X35B2N_DISCRE".
#69 WARNING(ORCAP-36006): Part Name "CAPACITOR_CAPC1005X60B2N_DISCRETE_4.7UF" is renamed to "CAPACITOR_CAPC1005X60B2N_DIS_13".
#70 WARNING(ORCAP-36006): Part Name "LED_LEDC1707X65L_LPL296-J2L2-25_LEDC1707X65L,LEDC1707X65M" is renamed to "LED_LEDC1707X65L_LPL296-J2L2-25".
#71 WARNING(ORCAP-36006): Part Name "DIODE_ZENER_DIO_BZX84JN_IC_3.9V_DIO_BZX84JL,DIO_BZX84JM" is renamed to "DIODE_ZENER_DIO_BZX84JN_IC_3.9V".
#72 WARNING(ORCAP-36006): Part Name "DIODE_SCHOTTKY_SOD3716X135N_IC_MBR130T1_SOD3716X135L,SOD3716X135M,SOD3716X135BN" is renamed to "DIODE_SCHOTTKY_SOD3716X135N_IC_".
#73 WARNING(ORCAP-36006): Part Name "LED_LEDC1708X67L_LS L296-P2Q2-1_LEDC1708X67L,LEDC1708X67M" is renamed to "LED_LEDC1708X67L_LS L296-P2Q2-1".
#74 WARNING(ORCAP-36006): Part Name "LED_LEDC1708X67N_IC_LS L296-P2Q2-1_LEDC1708X67L,LEDC1708X67M" is renamed to "LED_LEDC1708X67N_IC_LS L296-P2Q".
#75 WARNING(ORCAP-36006): Part Name "LED_LEDC1707X65N_IC_LPL296-J2L2-25_LEDC1707X65L,LEDC1707X65M" is renamed to "LED_LEDC1707X65N_IC_LPL296-J2L2".
#76 WARNING(ORCAP-36006): Part Name "DIODE_TPD4E004_SON6_SON50P100X145X60-6N_TPD4E004DRY_SON50P100X145X65-6L,SON50P100X145X65-6M" is renamed to "DIODE_TPD4E004_SON6_SON50P100X1".
#77 WARNING(ORCAP-36006): Part Name "DIODE_TVS_TPD6E004_QFN8_V1_QFN50P150X150X60-8N_IC_TPD6E004RSER_QFN50P150X150X60-8L,QFN50P150X150X60-8M" is renamed to "DIODE_TVS_TPD6E004_QFN8_V1_QFN5".
#78 WARNING(ORCAP-36006): Part Name "FIDMARK_FID127X142_IO_FIDU_1.27MM" is renamed to "FIDMARK_FID127X142_IO_FIDU_1.27".
#79 WARNING(ORCAP-36006): Part Name "FILTER_2PIN_FIL_BLM18HE152SN1DL_BLM18HE152SN1_FIL_BLM18HE152SN1DL,FIL_BLM18HE152SN1DM" is renamed to "FILTER_2PIN_FIL_BLM18HE152SN1DL".
#80 WARNING(ORCAP-36006): Part Name "FILTER_2PIN_FIL_BLM18HE152SN1DN_IC_BLM18HE152SN1_FIL_BLM18HE152SN1DL,FIL_BLM18HE152SN1DM" is renamed to "FILTER_2PIN_FIL_BLM18HE152SN1DN".
#81 WARNING(ORCAP-36006): Part Name "FILTER_LFD21829_0_FIL_LFD21829MDKED859_A2N_IC_LFD21829MDKED859_FIL_LFD21829MDKED859_A2L,FIL_LFD21829MDKED859_A2M" is renamed to "FILTER_LFD21829_0_FIL_LFD21829M".
#82 WARNING(ORCAP-36042): Pin "GND" is renamed to "GND#1" as visible power pin of same name already exists in Package FILTER_LFD21829_0 , FL3: EnergyTrace LaunchPad, 1_RF (294.64, 121.92).
#83 WARNING(ORCAP-36042): Pin "GND" is renamed to "GND#3" as visible power pin of same name already exists in Package FILTER_LFD21829_0 , FL3: EnergyTrace LaunchPad, 1_RF (294.64, 121.92).
#84 WARNING(ORCAP-36042): Pin "GND" is renamed to "GND#5" as visible power pin of same name already exists in Package FILTER_LFD21829_0 , FL3: EnergyTrace LaunchPad, 1_RF (294.64, 121.92).
#85 WARNING(ORCAP-36006): Part Name "CONN_HEADER_2X10_J_S_V1_SAMTEC_SSQ11023LD_A2B_IO_SSQ-110-23-L-D_SAMTEC_SSQ11023LD_A2C,SAMTEC_SSQ11023LD_A2A" is renamed to "CONN_HEADER_2X10_J_S_V1_SAMTEC_".
#86 WARNING(ORCAP-36006): Part Name "105164-0001_MOLEX_105164-0001_105164-0001" is renamed to "105164-0001_MOLEX_105164-0001_1".
#87 WARNING(ORCAP-36006): Part Name "CONN_USB_MICRO_B_2MH_MOLEX_1051640001_B2N_IO_105164-0001_MOLEX_1051640001_B2L,MOLEX_1051640001_B2M" is renamed to "CONN_USB_MICRO_B_2MH_MOLEX_1051".
#88 WARNING(ORCAP-36006): Part Name "CONN_COAX_1_4_HUSTSAN_SMA10V21TGGAN_IO_SMA-10V21-TGG_HUSTSAN_SMA10V21TGGL,HUSTSAN_SMA10V21TGGM" is renamed to "CONN_COAX_1_4_HUSTSAN_SMA10V21T".
#89 WARNING(ORCAP-36006): Part Name "3PIN_POWER_JACK_CUI_PJ-102A_3PIN_POWER_JACK" is renamed to "3PIN_POWER_JACK_CUI_PJ-102A_3PI".
#90 WARNING(ORCAP-36006): Part Name "INDUCTOR_HOR_1_2_INDC1005X60D2N_DISCRETE_15NH" is renamed to "INDUCTOR_HOR_1_2_INDC1005X60D2N".
#91 WARNING(ORCAP-36006): Part Name "INDUCTOR_HOR_1_2_INDC1005X60D2N_DISCRETE_2.4NH" is renamed to "INDUCTOR_HOR_1_2_INDC1005X60D_1".
#92 WARNING(ORCAP-36006): Part Name "INDUCTOR_HOR_1_2_INDC1005X60D2N_DISCRETE_2NH" is renamed to "INDUCTOR_HOR_1_2_INDC1005X60D_2".
#93 WARNING(ORCAP-36006): Part Name "INDUCTOR_HOR_1_2_INDC1005X60C2N_DISCRETE_3.9NH_INDC1005X60C2L,INDC1005X60C2M" is renamed to "INDUCTOR_HOR_1_2_INDC1005X60C2N".
#94 WARNING(ORCAP-36006): Part Name "INDUCTOR_HOR_1_2_INDC1005X60D2N_DISCRETE_22NH" is renamed to "INDUCTOR_HOR_1_2_INDC1005X60D_3".
#95 WARNING(ORCAP-36006): Part Name "INDUCTOR_HOR_1_2_INDC1005X60C2N_DISCRETE_10NH_INDC1005X60C2L,INDC1005X60C2M" is renamed to "INDUCTOR_HOR_1_2_INDC1005X60C_1".
#96 WARNING(ORCAP-36006): Part Name "INDUCTOR_INDC2012X150A2N_DISCRETE_6.8UH_INDC2012X150A2L,INDC2012X150A2M" is renamed to "INDUCTOR_INDC2012X150A2N_DISCRE".
#97 WARNING(ORCAP-36006): Part Name "INDUCTOR_FILC2012X110A2N_DISCRETE_BLM21PG221SN1_FILC2012X110A2L,FILC2012X110A2M" is renamed to "INDUCTOR_FILC2012X110A2N_DISCRE".
#98 WARNING(ORCAP-36006): Part Name "INDUCTOR_HOR_1_2_INDC1005X60D2N_DISCRETE_9.1NH" is renamed to "INDUCTOR_HOR_1_2_INDC1005X60D_4".
#99 WARNING(ORCAP-36006): Part Name "TI_LOGO_V1_TI_LOGO_1_MECHANICAL_TI_LOGO" is renamed to "TI_LOGO_V1_TI_LOGO_1_MECHANICAL".
#100 WARNING(ORCAP-36006): Part Name "CE_LABEL_V1_CE_MARKING_MECHANICAL_CE_LABEL" is renamed to "CE_LABEL_V1_CE_MARKING_MECHANIC".
#101 WARNING(ORCAP-36006): Part Name "LABEL_FOR_EVALUATOIN_ONLY_LABEL_FOR_EVALUATION_ONLY_MECHANICAL_LABEL_FOR_EVALUATION_ONLY" is renamed to "LABEL_FOR_EVALUATOIN_ONLY_LABEL".
#102 WARNING(ORCAP-36006): Part Name "TRASH_V2_TRASH_7MM_MECHANICAL_TRASH_7MM" is renamed to "TRASH_V2_TRASH_7MM_MECHANICAL_T".
#103 WARNING(ORCAP-36006): Part Name "ESD_LABEL_ESD_LABEL_5X5_MECHANICAL_ESD_LABEL_5X5MM" is renamed to "ESD_LABEL_ESD_LABEL_5X5_MECHANI".
#104 WARNING(ORCAP-36006): Part Name "MECH_SHUNT_JUMPER_V1_SAMTEC_SNT100BKG_MECHANICAL_SNT-100-BK-G" is renamed to "MECH_SHUNT_JUMPER_V1_SAMTEC_SNT".
#105 WARNING(ORCAP-36006): Part Name "MECH_SPACERS_SUPPORT_V1_MECH_DCB10_A2B_MECHANICAL_DCB-10" is renamed to "MECH_SPACERS_SUPPORT_V1_MECH_DC".
#106 WARNING(ORCAP-36006): Part Name "HOLE_PTH_MTG320_380_IO_HOLE_3.2MM_PTH" is renamed to "HOLE_PTH_MTG320_380_IO_HOLE_3.2".
#107 WARNING(ORCAP-36006): Part Name "HOLE_PTH_MTG110_170_IO_HOLE_1.1MM_PTH" is renamed to "HOLE_PTH_MTG110_170_IO_HOLE_1.1".
#108 WARNING(ORCAP-36006): Part Name "CONN_HEADER_3_P_S_GRADCONN_BB02HC031KB1603000_A2B_IO_BB02-HC031-KB1-603000_GRADCONN_BB02HC031KB1603000_A2C,GRADCONN_BB02HC031KB1603000_A2A" is renamed to "CONN_HEADER_3_P_S_GRADCONN_BB02".
#109 WARNING(ORCAP-36006): Part Name "CONN_COAX_1_1_P_2MH_V1_MURATA_MM58292700RJ4_A2N_IO_MM5829-2700_MURATA_MM58292700RJ4_A2L,MURATA_MM58292700RJ4_A2M" is renamed to "CONN_COAX_1_1_P_2MH_V1_MURATA_M".
#110 WARNING(ORCAP-36006): Part Name "CONN_HEADER_2X11_P_S_GRADCONN_BB02HJ221KB160300_A2B_IO_BB02-HJ221-KB1-603000_GRADCONN_BB02HJ221KB160300_A2C,GRADCONN_BB02HJ221KB160300_A2A" is renamed to "CONN_HEADER_2X11_P_S_GRADCONN_B".
#111 WARNING(ORCAP-36006): Part Name "CONN_HEADER_2X5_SAMTEC_FTSH-105-01-F-DV-K-10L_IO_FTSH-105-01-F-DV-K_SAMTEC_FTSH10501FDVK_A2L,SAMTEC_FTSH10501FDVK_A2M" is renamed to "CONN_HEADER_2X5_SAMTEC_FTSH-105".
#112 WARNING(ORCAP-36006): Part Name "CONN_HEADER_2X2_P_GRADCONN_BB02HJ041KB1603000_A2B_IO_BB02-HJ041-KB1-603000_GRADCONN_BB02HJ041KB1603000_A2C,GRADCONN_BB02HJ041KB1603000_A2A" is renamed to "CONN_HEADER_2X2_P_GRADCONN_BB02".
#113 WARNING(ORCAP-36006): Part Name "CONN_IDC_TC2050-IDC-NL_TAGCONNECT_TC2050IDCNL_A2N_IO_TC2050-IDC-NL_TAGCONNECT_TC2050IDCNL_A2L,TAGCONNECT_TC2050IDCNL_A2M" is renamed to "CONN_IDC_TC2050-IDC-NL_TAGCONNE".
#114 WARNING(ORCAP-36006): Part Name "PCB_V2_TI_MCUXX_MECHANICAL_WCS038" is renamed to "PCB_V2_TI_MCUXX_MECHANICAL_WCS0".
#115 WARNING(ORCAP-36006): Part Name "RESISTOR_RESC1608X55N_DISCRETE_0_RESC1608X55L,RESC1608X55M" is renamed to "RESISTOR_RESC1608X55N_DISCRETE_".
#116 WARNING(ORCAP-36006): Part Name "RESISTOR_RESC1005X40B2N_DISCRETE_0" is renamed to "RESISTOR_RESC1005X40B2N_DISCRET".
#117 WARNING(ORCAP-36006): Part Name "RESISTOR_RESC1005X40A2N_DISCRETE_1.2K_RESC1005X40A2L,RESC1005X40A2M" is renamed to "RESISTOR_RESC1005X40A2N_DISCRET".
#118 WARNING(ORCAP-36006): Part Name "RESISTOR_RESC1005X40A2N_DISCRETE_330_RESC1005X40A2L,RESC1005X40A2M" is renamed to "RESISTOR_RESC1005X40A2N_DISCR_1".
#119 WARNING(ORCAP-36006): Part Name "RESISTOR_RESC1005X40A2N_DISCRETE_4.99_RESC1005X40A2L,RESC1005X40A2M" is renamed to "RESISTOR_RESC1005X40A2N_DISCR_2".
#120 WARNING(ORCAP-36006): Part Name "RESISTOR_RESC1005X40A2N_DISCRETE_10_RESC1005X40A2L,RESC1005X40A2M" is renamed to "RESISTOR_RESC1005X40A2N_DISCR_3".
#121 WARNING(ORCAP-36006): Part Name "RESISTOR_RESC1005X40B2N_DISCRETE_100K" is renamed to "RESISTOR_RESC1005X40B2N_DISCR_1".
#122 WARNING(ORCAP-36006): Part Name "RESISTOR_RESC3246X70A2N_DISCRETE_1_RESC3246X70A2L,RESC3246X70A2M" is renamed to "RESISTOR_RESC3246X70A2N_DISCRET".
#123 WARNING(ORCAP-36006): Part Name "RESISTOR_RESC1005X40B2N_DISCRETE_2.2K" is renamed to "RESISTOR_RESC1005X40B2N_DISCR_2".
#124 WARNING(ORCAP-36006): Part Name "RESISTOR_RESC1005X40A2N_DISCRETE_60.4K_RESC1005X40A2L,RESC1005X40A2M" is renamed to "RESISTOR_RESC1005X40A2N_DISCR_4".
#125 WARNING(ORCAP-36006): Part Name "RESISTOR_RESC1005X40A2N_DISCRETE_22K_RESC1005X40A2L,RESC1005X40A2M" is renamed to "RESISTOR_RESC1005X40A2N_DISCR_5".
#126 WARNING(ORCAP-36006): Part Name "RESISTOR_RESC1005X50A2N_DISCRETE_0.22_RESC1005X50A2L,RESC1005X50A2M" is renamed to "RESISTOR_RESC1005X50A2N_DISCRET".
#127 WARNING(ORCAP-36006): Part Name "RESISTOR_RESC3216X75A2N_DISCRETE_82_RESC3216X75A2L,RESC3216X75A2M" is renamed to "RESISTOR_RESC3216X75A2N_DISCRET".
#128 WARNING(ORCAP-36006): Part Name "RESISTOR_RESC3225X75A2N_DISCRETE_36.5_RESC3225X75A2L,RESC3225X75A2M" is renamed to "RESISTOR_RESC3225X75A2N_DISCRET".
#129 WARNING(ORCAP-36006): Part Name "RESISTOR_RESC1005X40B2N_DISCRETE_4.7K" is renamed to "RESISTOR_RESC1005X40B2N_DISCR_3".
#130 WARNING(ORCAP-36006): Part Name "RESISTOR_RESC1005X40A2N_DISCRETE_47K_RESC1005X40A2L,RESC1005X40A2M" is renamed to "RESISTOR_RESC1005X40A2N_DISCR_6".
#131 WARNING(ORCAP-36006): Part Name "RESISTOR_RESC1005X40A2N_DISCRETE_2.2K_RESC1005X40A2L,RESC1005X40A2M" is renamed to "RESISTOR_RESC1005X40A2N_DISCR_7".
#132 WARNING(ORCAP-36006): Part Name "RESISTOR_RESC1005X40B2N_DISCRETE_51K" is renamed to "RESISTOR_RESC1005X40B2N_DISCR_4".
#133 WARNING(ORCAP-36006): Part Name "RESISTOR_RESC1005X40B2N_DISCRETE_30K" is renamed to "RESISTOR_RESC1005X40B2N_DISCR_5".
#134 WARNING(ORCAP-36006): Part Name "RESISTOR_RESC1005X40A2N_DISCRETE_2.61K_RESC1005X40A2L,RESC1005X40A2M" is renamed to "RESISTOR_RESC1005X40A2N_DISCR_8".
#135 WARNING(ORCAP-36006): Part Name "RESISTOR_RESC1005X40B2N_DISCRETE_180" is renamed to "RESISTOR_RESC1005X40B2N_DISCR_6".
#136 WARNING(ORCAP-36006): Part Name "RESISTOR_RESC0603X35B2N_DISCRETE_51_RESC0603X35B2L,RESC0603X35B2M" is renamed to "RESISTOR_RESC0603X35B2N_DISCRET".
#137 WARNING(ORCAP-36006): Part Name "RESISTOR_RESC1005X40B2N_DISCRETE_220" is renamed to "RESISTOR_RESC1005X40B2N_DISCR_7".
#138 WARNING(ORCAP-36006): Part Name "RESISTOR_RESC1005X40B2N_DISCRETE_10K" is renamed to "RESISTOR_RESC1005X40B2N_DISCR_8".
#139 WARNING(ORCAP-36006): Part Name "RESISTOR_RESC1005X40B2N_DISCRETE_3.3K" is renamed to "RESISTOR_RESC1005X40B2N_DISCR_9".
#140 WARNING(ORCAP-36006): Part Name "RESISTOR_RESC1005X40B2N_DISCRETE_100" is renamed to "RESISTOR_RESC1005X40B2N_DISC_10".
#141 WARNING(ORCAP-36006): Part Name "RESISTOR_RESC1005X40B2N_DISCRETE_1K" is renamed to "RESISTOR_RESC1005X40B2N_DISC_11".
#142 WARNING(ORCAP-36006): Part Name "RESISTOR_RESC1005X40B2N_DISCRETE_4.87K" is renamed to "RESISTOR_RESC1005X40B2N_DISC_12".
#143 WARNING(ORCAP-36006): Part Name "RESISTOR_RESC1005X40B2N_DISCRETE_51" is renamed to "RESISTOR_RESC1005X40B2N_DISC_13".
#144 WARNING(ORCAP-36006): Part Name "RESISTOR_RESC1005X40B2N_DISCRETE_33K" is renamed to "RESISTOR_RESC1005X40B2N_DISC_14".
#145 WARNING(ORCAP-36006): Part Name "RESISTOR_RESC1608X55A2N_DISCRETE_0_RESC1608X55A2L,RESC1608X55A2M" is renamed to "RESISTOR_RESC1608X55A2N_DISCRET".
#146 WARNING(ORCAP-36006): Part Name "RESISTOR_RESC0603X35B2N_DISCRETE_10K_RESC0603X35B2L,RESC0603X35B2M" is renamed to "RESISTOR_RESC0603X35B2N_DISCR_1".
#147 WARNING(ORCAP-36006): Part Name "RESISTOR_RESC0603X35B2N_DISCRETE_12K_RESC0603X35B2L,RESC0603X35B2M" is renamed to "RESISTOR_RESC0603X35B2N_DISCR_2".
#148 WARNING(ORCAP-36006): Part Name "RESISTOR_RESC1005X40B2N_DISCRETE_1MEG" is renamed to "RESISTOR_RESC1005X40B2N_DISC_15".
#149 WARNING(ORCAP-36006): Part Name "RESISTOR_RESC0603X35B2N_DISCRETE_1K_RESC0603X35B2L,RESC0603X35B2M" is renamed to "RESISTOR_RESC0603X35B2N_DISCR_3".
#150 WARNING(ORCAP-36006): Part Name "RESISTOR_RESC0603X35B2N_DISCRETE_20K_RESC0603X35B2L,RESC0603X35B2M" is renamed to "RESISTOR_RESC0603X35B2N_DISCR_4".
#151 WARNING(ORCAP-36006): Part Name "RESISTOR_RESC1005X40A2N_DISCRETE_22_RESC1005X40A2L,RESC1005X40A2M" is renamed to "RESISTOR_RESC1005X40A2N_DISCR_9".
#152 WARNING(ORCAP-36006): Part Name "SWITCH_TACT_V2_SW_1188E1K2V_A2N_DISCRETE_1188E-1K2-V_SW_1188E1K2V_A2L,SW_1188E1K2V_A2M" is renamed to "SWITCH_TACT_V2_SW_1188E1K2V_A2N".
#153 WARNING(ORCAP-36006): Part Name "SWITCH_TACT_V2_SW_1188E1K2V_A2N_IC_1188E-1K2_SW_1188E1K2V_A2L,SW_1188E1K2V_A2M" is renamed to "SWITCH_TACT_V2_SW_1188E1K2V_A_1".
#154 WARNING(ORCAP-36006): Part Name "IC_RF_CC1352_QFN48_QFNFC50P700X700X100-49A2N_IC_(S1+S2)_CC1352R1F3RGZ_QFNFC50P700X700X100-49A2L,QFNFC50P700X700X100-49A2M" is renamed to "IC_RF_CC1352_QFN48_QFNFC50P700X".
#155 WARNING(ORCAP-36006): Part Name "IC_XCVR_SN74AVC4T245_UQFN16_2_QFNFC40P180X260X55-16A2N_IC_SN74AVC4T245RSV_QFNFC40P180X260X55-16A2L,QFNFC40P180X260X55-16A2M" is renamed to "IC_XCVR_SN74AVC4T245_UQFN16_2_Q".
#156 WARNING(ORCAP-36042): Pin "GND" is renamed to "GND#10" as visible power pin of same name already exists in Package IC_XCVR_SN74AVC4T245_UQFN16_2 , U10: EnergyTrace LaunchPad, 3_Debugger Interface (299.72, 175.26).
#157 WARNING(ORCAP-36042): Pin "GND" is renamed to "GND#11" as visible power pin of same name already exists in Package IC_XCVR_SN74AVC4T245_UQFN16_2 , U10: EnergyTrace LaunchPad, 3_Debugger Interface (299.72, 175.26).
#158 WARNING(ORCAP-36006): Part Name "IC_PROC_USB3300_QFN32_QFNWB50P500X500X100-33N_IC_USB3300-EZK_QFNWB50P500X500X100-33L,QFNWB50P500X500X100-33M,QFNWB50P500X500X100-33DL,QFNWB50P500X500X100-33DM" is renamed to "IC_PROC_USB3300_QFN32_QFNWB50P5".
#159 WARNING(ORCAP-36042): Pin "GND" is renamed to "GND#1" as visible power pin of same name already exists in Package IC_PROC_USB3300_QFN32 , U15: EnergyTrace LaunchPad, 4_XDS110 (111.76, 104.14).
#160 WARNING(ORCAP-36042): Pin "GND" is renamed to "GND#2" as visible power pin of same name already exists in Package IC_PROC_USB3300_QFN32 , U15: EnergyTrace LaunchPad, 4_XDS110 (111.76, 104.14).
#161 WARNING(ORCAP-36042): Pin "VDD3.3" is renamed to "VDD3.3#6" as visible power pin of same name already exists in Package IC_PROC_USB3300_QFN32 , U15: EnergyTrace LaunchPad, 4_XDS110 (111.76, 104.14).
#162 WARNING(ORCAP-36042): Pin "VDD1.8" is renamed to "VDD1.8#15" as visible power pin of same name already exists in Package IC_PROC_USB3300_QFN32 , U15: EnergyTrace LaunchPad, 4_XDS110 (111.76, 104.14).
#163 WARNING(ORCAP-36042): Pin "VDD3.3" is renamed to "VDD3.3#16" as visible power pin of same name already exists in Package IC_PROC_USB3300_QFN32 , U15: EnergyTrace LaunchPad, 4_XDS110 (111.76, 104.14).
#164 WARNING(ORCAP-36042): Pin "VDD3.3" is renamed to "VDD3.3#25" as visible power pin of same name already exists in Package IC_PROC_USB3300_QFN32 , U15: EnergyTrace LaunchPad, 4_XDS110 (111.76, 104.14).
#165 WARNING(ORCAP-36042): Pin "VDD1.8" is renamed to "VDD1.8#26" as visible power pin of same name already exists in Package IC_PROC_USB3300_QFN32 , U15: EnergyTrace LaunchPad, 4_XDS110 (111.76, 104.14).
#166 WARNING(ORCAP-36042): Pin "VDD3.3" is renamed to "VDD3.3#30" as visible power pin of same name already exists in Package IC_PROC_USB3300_QFN32 , U15: EnergyTrace LaunchPad, 4_XDS110 (111.76, 104.14).
#167 WARNING(ORCAP-36006): Part Name "IC_SWITCH_TS3A24159_SON10_SON50P300X300X100-11A2N_IC_TS3A24159DRC_SON50P300X300X100-11A2L,SON50P300X300X100-11A2M" is renamed to "IC_SWITCH_TS3A24159_SON10_SON50".
#168 WARNING(ORCAP-36006): Part Name "IC_LOGIC_SN74LVC2G74_VSSOP8_SOP50P310X90-8N_IC_SN74LVC2G74DCU_SOP50P310X90-8L,SOP50P310X90-8M" is renamed to "IC_LOGIC_SN74LVC2G74_VSSOP8_SOP".
#169 WARNING(ORCAP-36006): Part Name "IC_ADC_ADS127L01_QFP32_0_QFP50P700X700X120-32A2N_IC_ADS127L01IPBS_QFP50P700X700X120-32A2L,QFP50P700X700X120-32A2M" is renamed to "IC_ADC_ADS127L01_QFP32_0_QFP50P".
#170 WARNING(ORCAP-36042): Pin "AGND" is renamed to "AGND#5" as visible power pin of same name already exists in Package IC_ADC_ADS127L01_QFP32_0 , U35: EnergyTrace LaunchPad, 5_EnergyTrace (279.40, 76.20).
#171 WARNING(ORCAP-36042): Pin "AGND" is renamed to "AGND#31" as visible power pin of same name already exists in Package IC_ADC_ADS127L01_QFP32_0 , U35: EnergyTrace LaunchPad, 5_EnergyTrace (279.40, 76.20).
#172 WARNING(ORCAP-36042): Pin "AVDD" is renamed to "AVDD#6" as visible power pin of same name already exists in Package IC_ADC_ADS127L01_QFP32_0 , U35: EnergyTrace LaunchPad, 5_EnergyTrace (279.40, 76.20).
#173 WARNING(ORCAP-36042): Pin "AVDD" is renamed to "AVDD#32" as visible power pin of same name already exists in Package IC_ADC_ADS127L01_QFP32_0 , U35: EnergyTrace LaunchPad, 5_EnergyTrace (279.40, 76.20).
#174 WARNING(ORCAP-36006): Part Name "IC_OPAMP_INA118U_SO8_SOIC127P600X175-8N_IC_INA118UB_SOIC127P600X175-8A2L,SOIC127P600X175-8A2M" is renamed to "IC_OPAMP_INA118U_SO8_SOIC127P60".
#175 WARNING(ORCAP-36006): Part Name "IC_OPAMP_THS4551_QFN10_QFNFCP50P200X200X80-10A2N_IC_THS4551IRUN_QFNFCP50P200X200X80-10A2L,QFNFCP50P200X200X80-10A2M" is renamed to "IC_OPAMP_THS4551_QFN10_QFNFCP50".
#176 WARNING(ORCAP-36006): Part Name "IC_SWITCH_TS3A4751_QFN14_QFNFC40P200X200X40-14A2N_IC_TS3A4751RUCR_QFNFC40P200X200X40-14A2L,QFNFC40P200X200X40-14A2M" is renamed to "IC_SWITCH_TS3A4751_QFN14_QFNFC4".
#177 WARNING(ORCAP-36006): Part Name "IC_FLASH_MX25R8035F_USON8_SON50P300X200X60-9B2L_IC_MX25R8035FZUIL0_SON50P300X200X60-9B2L,SON50P300X200X60-9B2M" is renamed to "IC_FLASH_MX25R8035F_USON8_SON50".
#178 WARNING(ORCAP-36006): Part Name "IC_REF_REF6025_VSSOP8_SOP65P490X110-8A2N_IC_REF6025IDGK_SOP65P490X110-8A2L,SOP65P490X110-8A2M" is renamed to "IC_REF_REF6025_VSSOP8_SOP65P490".
#179 WARNING(ORCAP-36006): Part Name "IC_OPAMP_OPA320_SOT23-5_SOT95P280X145-5A2N_IC_OPA320AIDBV_SOT95P280X145-5A2L,SOT95P280X145-5A2M" is renamed to "IC_OPAMP_OPA320_SOT23-5_SOT95P2".
#180 WARNING(ORCAP-36006): Part Name "IC_PM_TPS79601_SON8_SON65P300X300X100-9AN_IC_TPS79601DR_SON65P300X300X100-9AL,SON65P300X300X100-9AM" is renamed to "IC_PM_TPS79601_SON8_SON65P300X3".
#181 WARNING(ORCAP-36042): Pin "IN" is renamed to "IN#2" as visible power pin of same name already exists in Package IC_PM_TPS79601_SON8 , U42: EnergyTrace LaunchPad, 6_EnergyTrace Power (109.22, 66.04).
#182 WARNING(ORCAP-36042): Pin "OUT" is renamed to "OUT#4" as visible power pin of same name already exists in Package IC_PM_TPS79601_SON8 , U42: EnergyTrace LaunchPad, 6_EnergyTrace Power (109.22, 66.04).
#183 WARNING(ORCAP-36042): Pin "IN" is renamed to "IN#1" as visible power pin of same name already exists in Package IC_PM_TPS79601_SON8 , U42: EnergyTrace LaunchPad, 6_EnergyTrace Power (109.22, 66.04).
#184 WARNING(ORCAP-36042): Pin "OUT" is renamed to "OUT#3" as visible power pin of same name already exists in Package IC_PM_TPS79601_SON8 , U42: EnergyTrace LaunchPad, 6_EnergyTrace Power (109.22, 66.04).
#185 WARNING(ORCAP-36006): Part Name "IC_PM_LP5907-1_8_SOT23-5_SOT95P280X145-5A2N_IC_LP5907MFX-1.8_SOT95P280X145-5A2L,SOT95P280X145-5A2M" is renamed to "IC_PM_LP5907-1_8_SOT23-5_SOT95P".
#186 WARNING(ORCAP-36006): Part Name "IC_PM_TPS73101_SOT23-5_SOT95P280X145-5A2N_IC_TPS73101DBV_SOT95P280X145-5A2L,SOT95P280X145-5A2M" is renamed to "IC_PM_TPS73101_SOT23-5_SOT95P28".
#187 WARNING(ORCAP-36006): Part Name "IC_OPAMP_OPA314_SC70-5_SOT65P210X110-5A2N_IC_OPA314AIDCK_SOT65P210X110-5A2L,SOT65P210X110-5A2M" is renamed to "IC_OPAMP_OPA314_SC70-5_SOT65P21".
#188 WARNING(ORCAP-36006): Part Name "IC_PM_TPS259530_WSON8_SON50P200X200X80-9A2N_IC_TPS259530DSG_SON50P200X200X80-9A2L,SON50P200X200X80-9A2M" is renamed to "IC_PM_TPS259530_WSON8_SON50P200".
#189 WARNING(ORCAP-36042): Pin "IN" is renamed to "IN#3" as visible power pin of same name already exists in Package IC_PM_TPS259530_WSON8 , U47: EnergyTrace LaunchPad, 4_XDS110 (27.94, 213.36).
#190 WARNING(ORCAP-36042): Pin "IN" is renamed to "IN#4" as visible power pin of same name already exists in Package IC_PM_TPS259530_WSON8 , U47: EnergyTrace LaunchPad, 4_XDS110 (27.94, 213.36).
#191 WARNING(ORCAP-36006): Part Name "IC_PROC_TM4C1294NCPDT_TQFP128_QFP40P1600X1600X120-128N_IC_(S1+S2+S3)_TM4C1294NCPDTT3R_QFP40P1600X1600X120-128L,QFP40P1600X1600X120-128M" is renamed to "IC_PROC_TM4C1294NCPDT_TQFP128_Q".
#192 WARNING(ORCAP-36042): Pin "GND" is renamed to "GND#17" as visible power pin of same name already exists in Package IC_PROC_TM4C1294NCPDT_TQFP128C , U5A: EnergyTrace LaunchPad, 4_XDS110 (248.92, 30.48).
#193 WARNING(ORCAP-36042): Pin "GND" is renamed to "GND#48" as visible power pin of same name already exists in Package IC_PROC_TM4C1294NCPDT_TQFP128C , U5A: EnergyTrace LaunchPad, 4_XDS110 (248.92, 30.48).
#194 WARNING(ORCAP-36042): Pin "GND" is renamed to "GND#80" as visible power pin of same name already exists in Package IC_PROC_TM4C1294NCPDT_TQFP128C , U5A: EnergyTrace LaunchPad, 4_XDS110 (248.92, 30.48).
#195 WARNING(ORCAP-36042): Pin "GND" is renamed to "GND#114" as visible power pin of same name already exists in Package IC_PROC_TM4C1294NCPDT_TQFP128C , U5A: EnergyTrace LaunchPad, 4_XDS110 (248.92, 30.48).
#196 WARNING(ORCAP-36042): Pin "VDD" is renamed to "VDD#51" as visible power pin of same name already exists in Package IC_PROC_TM4C1294NCPDT_TQFP128C , U5A: EnergyTrace LaunchPad, 4_XDS110 (248.92, 30.48).
#197 WARNING(ORCAP-36042): Pin "VDD" is renamed to "VDD#52" as visible power pin of same name already exists in Package IC_PROC_TM4C1294NCPDT_TQFP128C , U5A: EnergyTrace LaunchPad, 4_XDS110 (248.92, 30.48).
#198 WARNING(ORCAP-36042): Pin "GND" is renamed to "GND#55" as visible power pin of same name already exists in Package IC_PROC_TM4C1294NCPDT_TQFP128C , U5A: EnergyTrace LaunchPad, 4_XDS110 (248.92, 30.48).
#199 WARNING(ORCAP-36042): Pin "GND" is renamed to "GND#58" as visible power pin of same name already exists in Package IC_PROC_TM4C1294NCPDT_TQFP128C , U5A: EnergyTrace LaunchPad, 4_XDS110 (248.92, 30.48).
#200 WARNING(ORCAP-36042): Pin "VDD" is renamed to "VDD#7" as visible power pin of same name already exists in Package IC_PROC_TM4C1294NCPDT_TQFP128C , U5A: EnergyTrace LaunchPad, 4_XDS110 (248.92, 30.48).
#201 WARNING(ORCAP-36042): Pin "VDD" is renamed to "VDD#16" as visible power pin of same name already exists in Package IC_PROC_TM4C1294NCPDT_TQFP128C , U5A: EnergyTrace LaunchPad, 4_XDS110 (248.92, 30.48).
#202 WARNING(ORCAP-36042): Pin "VDD" is renamed to "VDD#26" as visible power pin of same name already exists in Package IC_PROC_TM4C1294NCPDT_TQFP128C , U5A: EnergyTrace LaunchPad, 4_XDS110 (248.92, 30.48).
#203 WARNING(ORCAP-36042): Pin "VDD" is renamed to "VDD#28" as visible power pin of same name already exists in Package IC_PROC_TM4C1294NCPDT_TQFP128C , U5A: EnergyTrace LaunchPad, 4_XDS110 (248.92, 30.48).
#204 WARNING(ORCAP-36042): Pin "VDD" is renamed to "VDD#39" as visible power pin of same name already exists in Package IC_PROC_TM4C1294NCPDT_TQFP128C , U5A: EnergyTrace LaunchPad, 4_XDS110 (248.92, 30.48).
#205 WARNING(ORCAP-36042): Pin "VDD" is renamed to "VDD#47" as visible power pin of same name already exists in Package IC_PROC_TM4C1294NCPDT_TQFP128C , U5A: EnergyTrace LaunchPad, 4_XDS110 (248.92, 30.48).
#206 WARNING(ORCAP-36042): Pin "VDD" is renamed to "VDD#69" as visible power pin of same name already exists in Package IC_PROC_TM4C1294NCPDT_TQFP128C , U5A: EnergyTrace LaunchPad, 4_XDS110 (248.92, 30.48).
#207 WARNING(ORCAP-36042): Pin "VDD" is renamed to "VDD#79" as visible power pin of same name already exists in Package IC_PROC_TM4C1294NCPDT_TQFP128C , U5A: EnergyTrace LaunchPad, 4_XDS110 (248.92, 30.48).
#208 WARNING(ORCAP-36042): Pin "VDD" is renamed to "VDD#90" as visible power pin of same name already exists in Package IC_PROC_TM4C1294NCPDT_TQFP128C , U5A: EnergyTrace LaunchPad, 4_XDS110 (248.92, 30.48).
#209 WARNING(ORCAP-36042): Pin "VDD" is renamed to "VDD#101" as visible power pin of same name already exists in Package IC_PROC_TM4C1294NCPDT_TQFP128C , U5A: EnergyTrace LaunchPad, 4_XDS110 (248.92, 30.48).
#210 WARNING(ORCAP-36042): Pin "VDD" is renamed to "VDD#113" as visible power pin of same name already exists in Package IC_PROC_TM4C1294NCPDT_TQFP128C , U5A: EnergyTrace LaunchPad, 4_XDS110 (248.92, 30.48).
#211 WARNING(ORCAP-36042): Pin "VDD" is renamed to "VDD#122" as visible power pin of same name already exists in Package IC_PROC_TM4C1294NCPDT_TQFP128C , U5A: EnergyTrace LaunchPad, 4_XDS110 (248.92, 30.48).
#212 WARNING(ORCAP-36042): Pin "VDDC" is renamed to "VDDC#87" as visible power pin of same name already exists in Package IC_PROC_TM4C1294NCPDT_TQFP128C , U5A: EnergyTrace LaunchPad, 4_XDS110 (248.92, 30.48).
#213 WARNING(ORCAP-36042): Pin "VDDC" is renamed to "VDDC#115" as visible power pin of same name already exists in Package IC_PROC_TM4C1294NCPDT_TQFP128C , U5A: EnergyTrace LaunchPad, 4_XDS110 (248.92, 30.48).
#214 WARNING(ORCAP-36006): Part Name "IC_REF_LM4040_SC70-5_SOT65P210X110-5N_IC_LM4040B25IDCK_SOT65P210X110-5L,SOT65P210X110-5M" is renamed to "IC_REF_LM4040_SC70-5_SOT65P210X".
#215 WARNING(ORCAP-36006): Part Name "CRYSTAL_XTAL_FC-135N_32.768KHZ_XTAL_FC-135L,XTAL_FC-135M" is renamed to "CRYSTAL_XTAL_FC-135N_32.768KHZ_".
#216 WARNING(ORCAP-36006): Part Name "XTAL_4PINS_1_3_OSCCC200X160X45-4A2N_IC_48MHZ_OSCCC200X160X45-4A2L,OSCCC200X160X45-4A2M" is renamed to "XTAL_4PINS_1_3_OSCCC200X160X45-".
#217 WARNING(ORCAP-36042): Pin "GND" is renamed to "GND#2" as visible power pin of same name already exists in Package XTAL_4PINS_1_3 , Y2: EnergyTrace LaunchPad, 1_RF (129.54, 144.78).
#218 WARNING(ORCAP-36042): Pin "GND" is renamed to "GND#4" as visible power pin of same name already exists in Package XTAL_4PINS_1_3 , Y2: EnergyTrace LaunchPad, 1_RF (129.54, 144.78).
#219 WARNING(ORCAP-36006): Part Name "XTAL_4_OSCCC250X320X100-4BN_IC_16MHZ_OSCCC250X320X100-4BL,OSCCC250X320X100-4BM" is renamed to "XTAL_4_OSCCC250X320X100-4BN_IC_".
#220 WARNING(ORCAP-36006): Part Name "XTAL_4_OSCCC250X320X70-4AN_IC_24MHZ_OSCCC250X320X70-4AL,OSCCC250X320X70-4AM" is renamed to "XTAL_4_OSCCC250X320X70-4AN_IC_2".
#221 WARNING(ORCAP-36006): Part Name "XTAL_GEN_EN_V1_OSCSC254P320X500X130-4A2N_IC_16.384MHZ_OSCSC254P320X500X130-4A2L,OSCSC254P320X500X130-4A2M" is renamed to "XTAL_GEN_EN_V1_OSCSC254P320X500".
#222 WARNING(ORCAP-36006): Part Name "INDUCTOR_INDC1005X60B2N_DISCRETE_3.3NH" is renamed to "INDUCTOR_INDC1005X60B2N_DISCRET".
#223 WARNING(ORCAP-36006): Part Name "CAPACITOR_CAPC1005X60B2N_DISCRETE_5.6PF" is renamed to "CAPACITOR_CAPC1005X60B2N_DIS_14".
INFO(ORCAP-36080): Scanning netlist files ...

Loading... \\PRISM.NAS.GATECH.EDU\ESHUVAEV3\ECE\DESKTOP\PCB_DESIGN_(3.3.2020)\PCB_DESIGN_(2.13.2020)\CAD_SOURCE\allegro/pstchip.dat

Loading... \\PRISM.NAS.GATECH.EDU\ESHUVAEV3\ECE\DESKTOP\PCB_DESIGN_(3.3.2020)\PCB_DESIGN_(2.13.2020)\CAD_SOURCE\allegro/pstchip.dat

Loading... \\PRISM.NAS.GATECH.EDU\ESHUVAEV3\ECE\DESKTOP\PCB_DESIGN_(3.3.2020)\PCB_DESIGN_(2.13.2020)\CAD_SOURCE\allegro/pstxprt.dat

Loading... \\PRISM.NAS.GATECH.EDU\ESHUVAEV3\ECE\DESKTOP\PCB_DESIGN_(3.3.2020)\PCB_DESIGN_(2.13.2020)\CAD_SOURCE\allegro/pstxnet.dat
packaging the design view...