(---------------------------------------------------------------------)
(                                                                     )
(    ARTWORK LOG                                                      )
(                                                                     )
(    Drawing          : WCS038B.brd                                   )
(    Software Version : 17.2S007                                      )
(    Date/Time        : Thu Mar 12 10:23:51 2020                      )
(                                                                     )
(---------------------------------------------------------------------)


 ---- Photoplot outline rectangle not found; using drawing extents.



Results from parameter file ...
    DEVICE-TYPE           GERBER_RS274X
    OUTPUT-UNITS          MM
    FILM-SIZE             2400000 1600000
    FORMAT                2.5
    ABORT-ON-ERROR        NO
    SCALE                 1
    SUPPRESS-LEAD-ZEROES  YES
    SUPPRESS-TRAIL-ZEROES NO
    SUPPRESS-EQUAL        YES
    UNDEF-APT-CONT        NO



================================================================
     PROCESSING FILM < paste_top >
     TO FILE < //prism.nas.gatech.edu/eshuvaev3/ECE/Desktop/PCB_design_(3.10.2020)/CAD_Source/allegro/LAUNCHXL-CC1352R1_paste_top.art > ...
================================================================

  FILM PARAMETERS :
  ---------------------------------------------------------
  Undefined line width                0.099
  Mirror code                         NONE
  Rotate angle                        NONE
  Offset x:                           0.000
  Offset y:                           0.000
  Plot negative                       NO
  Suppress unconnected internal pads  DYNAMIC
  Draw holes only                     NO

    WARNING: text composed 0 width line found at (241.342 148.862)
           ... using undefined line width of 0.099

    WARNING: text having Multiple 0 width lines; all will be treated the same as the first.
           ... using undefined line width of 0.099

    WARNING: Arc segment with end points of
	(258.55, 294.34) and (258.69 372.00) converted to a line.
	Its center location (22307.31 294.27) is too large for
	specified integer accuracy of 2 places.



  APERTURES USED:
  ---------------------------------------------------------
  TYPE       SIZE/NAME                   ROT   MIRROR MODE 
  ---------------------------------------------------------
  CIRCLE     0.09900                                  DARK 
  CIRCLE     0.10000                                  DARK 
  CIRCLE     0.18000                                  DARK 
  CIRCLE     1.27000                                  DARK 
  CIRCLE     1.80000                                  DARK 
  SQUARE     3.25000                     0.000 NO     DARK 
  SQUARE     5.25000                     0.000 NO     DARK 
  RECTANGLE  0.30000     x 1.70000      90.000 NO     DARK 
  RECTANGLE  0.90000     x 1.70000       0.000 NO     DARK 
  RECTANGLE  1.65000     x 2.50000       0.000 NO     DARK 
  RECTANGLE  1.65000     x 2.50000      90.000 NO     DARK 
  OBLONG     0.20100     x 1.50100       0.000 NO     DARK 
  OBLONG     0.20100     x 1.50100      90.000 NO     DARK 
  OBLONG     0.30000     x 0.85100       0.000 NO     DARK 
  OBLONG     0.30000     x 0.85100      90.000 NO     DARK 
  OBLONG     0.39900     x 0.89900      90.000 NO     DARK 
  OBLONG     0.55100     x 2.05000       0.000 NO     DARK 
  OBLONG     0.60000     x 1.55000      90.000 NO     DARK 
  OBLONG     0.75000     x 0.85000       0.000 NO     DARK 
  PAD SHAPE  SHAPE_250RECTX800           0.000 NO     DARK 
  PAD SHAPE  SHAPE_1150RECT1400          0.000 NO     DARK 
  PAD SHAPE  SHAPE_300RECT400            0.000 NO     DARK 
  PAD SHAPE  SHAPE_300RECTX900           0.000 NO     DARK 
  PAD SHAPE  SHAPE_300RECT750            0.000 NO     DARK 
  PAD SHAPE  SHAPE_600RECT700            0.000 NO     DARK 
  PAD SHAPE  SHAPE_2000RECT2000          0.000 NO     DARK 
  PAD SHAPE  SHAPE_300RECTX450           0.000 NO     DARK 
  PAD SHAPE  SHAPE_1150RECTX1450         0.000 NO     DARK 
  PAD SHAPE  SHAPE_500RECTX525           0.000 NO     DARK 
  PAD SHAPE  SHAPE_300RECTX1000          0.000 NO     DARK 
  PAD SHAPE  SHAPE_640RECTX650           0.000 NO     DARK 
  PAD SHAPE  SHAPE_950RECTX1000_ETCH     0.000 NO     DARK 
  PAD SHAPE  SHAPE_1000RECTX1400         0.000 NO     DARK 
  PAD SHAPE  SHAPE_350RECTX550_ETCH      0.000 NO     DARK 
  PAD SHAPE  SHAPE_300RECTX1450          0.000 NO     DARK 
  PAD SHAPE  SHAPE_350RECTX400_ETCH      0.000 NO     DARK 
  PAD SHAPE  BULLET_300X800_ETCH         0.000 NO     DARK 
  PAD SHAPE  SHAPE_2400X1650__ETCH       0.000 NO     DARK 
  PAD SHAPE  SHAPE_500RECTX525          45.000 NO     DARK 
  PAD SHAPE  SHAPE_640RECTX650          45.000 NO     DARK 
  PAD SHAPE  SHAPE_600X1700_ETCH        90.000 NO     DARK 
  PAD SHAPE  SHAPE_300RECTX1450         90.000 NO     DARK 
  PAD SHAPE  SHAPE_900RECTX1300         90.000 NO     DARK 
  PAD SHAPE  SHAPE_750RECT750           90.000 NO     DARK 
  PAD SHAPE  SHAPE_750RECT900           90.000 NO     DARK 
  PAD SHAPE  SHAPE_2350RECT2550         90.000 NO     DARK 
  PAD SHAPE  SHAPE_600RECTX1350         90.000 NO     DARK 
  PAD SHAPE  SHAPE_950RECTX1000_ETCH    90.000 NO     DARK 
  PAD SHAPE  SHAPE_950RECT1000          90.000 NO     DARK 
  PAD SHAPE  SHAPE_1200RECTX1400_ETCH   90.000 NO     DARK 
  PAD SHAPE  BULLET_300X800_ETCH        90.000 NO     DARK 
  PAD SHAPE  SHAPE_640RECTX650          90.000 NO     DARK 
  PAD SHAPE  SHAPE_1000RECT1800         90.000 NO     DARK 
  PAD SHAPE  SHAPE_500RECTX525          90.000 NO     DARK 
  PAD SHAPE  SHAPE_1150RECTX4800        90.000 NO     DARK 
  PAD SHAPE  SHAPE_400RECTX500          90.000 NO     DARK 
  PAD SHAPE  SHAPE_200RECTX650          90.000 NO     DARK 
  PAD SHAPE  SHAPE_1150RECTX1800_ETCH   90.000 NO     DARK 
  PAD SHAPE  SHAPE_300RECTX900          90.000 NO     DARK 
  PAD SHAPE  SHAPE_200RECTX900          90.000 NO     DARK 
  PAD SHAPE  SHAPE_1150RECTX1450        90.000 NO     DARK 
  PAD SHAPE  SHAPE_800RECTX900_ETCH    135.000 NO     DARK 
  PAD SHAPE  SHAPE_500RECTX525         135.000 NO     DARK 
  PAD SHAPE  SHAPE_640RECTX650         135.000 NO     DARK 
  PAD SHAPE  SHAPE_250RECTX800         180.000 NO     DARK 
  PAD SHAPE  SHAPE_200RECTX650         180.000 NO     DARK 
  PAD SHAPE  SHAPE_500RECTX525         180.000 NO     DARK 
  PAD SHAPE  SHAPE_950RECTX1000_ETCH   180.000 NO     DARK 
  PAD SHAPE  SHAPE_750RECT900          180.000 NO     DARK 
  PAD SHAPE  SHAPE_640RECTX650         180.000 NO     DARK 
  PAD SHAPE  SHAPE_1150RECTX1450       180.000 NO     DARK 
  PAD SHAPE  SHAPE_200RECTX800         180.000 NO     DARK 
  PAD SHAPE  SHAPE_1000RECTX1400       180.000 NO     DARK 
  PAD SHAPE  SHAPE_300RECTX1000        180.000 NO     DARK 
  PAD SHAPE  SHAPE_2400X1650__ETCH     180.000 NO     DARK 
  PAD SHAPE  SHAPE_400RECTX1200        180.000 NO     DARK 
  PAD SHAPE  BULLET_300X800_ETCH       180.000 NO     DARK 
  PAD SHAPE  SHAPE_350RECTX400_ETCH    180.000 NO     DARK 
  PAD SHAPE  SHAPE_900RECTX1300        180.000 NO     DARK 
  PAD SHAPE  SHAPE_950RECT1000         180.000 NO     DARK 
  PAD SHAPE  SHAPE_600RECTX1350        180.000 NO     DARK 
  PAD SHAPE  SHAPE_450RECTX1500        180.000 NO     DARK 
  PAD SHAPE  SHAPE_500RECTX525         225.000 NO     DARK 
  PAD SHAPE  SHAPE_600RECTX1350        270.000 NO     DARK 
  PAD SHAPE  SHAPE_950RECTX1000_ETCH   270.000 NO     DARK 
  PAD SHAPE  SHAPE_1200RECT1400        270.000 NO     DARK 
  PAD SHAPE  SHAPE_600X1700_ETCH       270.000 NO     DARK 
  PAD SHAPE  SHAPE_1000RECTX1400       270.000 NO     DARK 
  PAD SHAPE  SHAPE_900RECTX1300        270.000 NO     DARK 
  PAD SHAPE  SHAPE_500RECTX525         270.000 NO     DARK 
  PAD SHAPE  SHAPE_750RECT750          270.000 NO     DARK 
  PAD SHAPE  SHAPE_400RECTX500         270.000 NO     DARK 
  PAD SHAPE  SHAPE_350RECT800          270.000 NO     DARK 
  PAD SHAPE  SHAPE_350RECTX400_ETCH    270.000 NO     DARK 
  PAD SHAPE  SHAPE_1150RECTX2700_ETCH  270.000 NO     DARK 
  PAD SHAPE  SHAPE_300RECT750          270.000 NO     DARK 
  PAD SHAPE  SHAPE_1150RECTX1450       270.000 NO     DARK 
  PAD SHAPE  SHAPE_300RECTX700_ETCH    270.000 NO     DARK 
  PAD SHAPE  SHAPE_200RECTX800         270.000 NO     DARK 
  PAD SHAPE  SHAPE_640RECTX650         270.000 NO     DARK 
  PAD SHAPE  BULLET_300X800_ETCH       270.000 NO     DARK 
  PAD SHAPE  SHAPE_300RECTX1000        270.000 NO     DARK 
  PAD SHAPE  SHAPE_950RECT1000         270.000 NO     DARK 
  PAD SHAPE  SHAPE_500RECTX525         315.000 NO     DARK 

     LAUNCHXL-CC1352R1_paste_top created with warnings


================================================================
     PROCESSING FILM < paste_bottom >
     TO FILE < //prism.nas.gatech.edu/eshuvaev3/ECE/Desktop/PCB_design_(3.10.2020)/CAD_Source/allegro/LAUNCHXL-CC1352R1_paste_bottom.art > ...
================================================================

  FILM PARAMETERS :
  ---------------------------------------------------------
  Undefined line width                0.099
  Mirror code                         NONE
  Rotate angle                        NONE
  Offset x:                           0.000
  Offset y:                           0.000
  Plot negative                       NO
  Suppress unconnected internal pads  DYNAMIC
  Draw holes only                     NO

    WARNING: Arc segment with end points of
	(258.55, 294.34) and (258.69 372.00) converted to a line.
	Its center location (22307.31 294.27) is too large for
	specified integer accuracy of 2 places.



  APERTURES USED:
  ---------------------------------------------------------
  TYPE       SIZE/NAME                   ROT   MIRROR MODE 
  ---------------------------------------------------------
  CIRCLE     0.09900                                  DARK 
  CIRCLE     0.10000                                  DARK 
  CIRCLE     0.18000                                  DARK 
  CIRCLE     1.27000                                  DARK 

     LAUNCHXL-CC1352R1_paste_bottom created with warnings


================================================================
     PROCESSING FILM < soldmask_top >
     TO FILE < //prism.nas.gatech.edu/eshuvaev3/ECE/Desktop/PCB_design_(3.10.2020)/CAD_Source/allegro/LAUNCHXL-CC1352R1_soldmask_top.art > ...
================================================================

  FILM PARAMETERS :
  ---------------------------------------------------------
  Undefined line width                0.099
  Mirror code                         NONE
  Rotate angle                        NONE
  Offset x:                           0.000
  Offset y:                           0.000
  Plot negative                       NO
  Suppress unconnected internal pads  DYNAMIC
  Draw holes only                     NO

    WARNING: Arc segment with end points of
	(258.55, 294.34) and (258.69 372.00) converted to a line.
	Its center location (22307.31 294.27) is too large for
	specified integer accuracy of 2 places.



  APERTURES USED:
  ---------------------------------------------------------
  TYPE       SIZE/NAME                   ROT   MIRROR MODE 
  ---------------------------------------------------------
  CIRCLE     0.09900                                  DARK 
  CIRCLE     0.10000                                  DARK 
  CIRCLE     0.18000                                  DARK 
  CIRCLE     1.10000                                  DARK 
  CIRCLE     1.20000                                  DARK 
  CIRCLE     1.42000                                  DARK 
  CIRCLE     1.42800                                  DARK 
  CIRCLE     1.65000                                  DARK 
  CIRCLE     1.80000                                  DARK 
  CIRCLE     1.84900                                  DARK 
  CIRCLE     1.95000                                  DARK 
  CIRCLE     3.31600                                  DARK 
  CIRCLE     3.40100                                  DARK 
  CIRCLE     3.95000                                  DARK 
  SQUARE     1.42800                     0.000 NO     DARK 
  SQUARE     3.40000                     0.000 NO     DARK 
  SQUARE     5.40000                     0.000 NO     DARK 
  RECTANGLE  0.45000     x 1.85000      90.000 NO     DARK 
  RECTANGLE  1.05000     x 1.85000       0.000 NO     DARK 
  RECTANGLE  1.38000     x 0.45000       0.000 NO     DARK 
  RECTANGLE  1.80000     x 2.65000       0.000 NO     DARK 
  RECTANGLE  1.80000     x 2.65000      90.000 NO     DARK 
  RECTANGLE  1.90000     x 1.37500       0.000 NO     DARK 
  RECTANGLE  2.10000     x 1.47500       0.000 NO     DARK 
  OBLONG     0.30000     x 1.65100       0.000 NO     DARK 
  OBLONG     0.30000     x 1.65100      90.000 NO     DARK 
  OBLONG     0.39900     x 0.95000       0.000 NO     DARK 
  OBLONG     0.39900     x 0.95000      90.000 NO     DARK 
  OBLONG     0.55100     x 1.04900      90.000 NO     DARK 
  OBLONG     0.70100     x 2.20000       0.000 NO     DARK 
  OBLONG     0.75000     x 1.70000      90.000 NO     DARK 
  OBLONG     0.90000     x 1.00000       0.000 NO     DARK 
  OBLONG     2.41600     x 1.20800       0.000 NO     DARK 
  OBLONG     3.01600     x 1.50800       0.000 NO     DARK 
  OBLONG     3.01600     x 1.50800      90.000 NO     DARK 
  PAD SHAPE  SHAPE_2150RECT2150          0.000 NO     DARK 
  PAD SHAPE  SHAPE_400RECT850            0.000 NO     DARK 
  PAD SHAPE  SHAPE_750RECT850            0.000 NO     DARK 
  PAD SHAPE  SHAPE_650RECTX675           0.000 NO     DARK 
  PAD SHAPE  SHAPE_450RECTX650_SM100     0.000 NO     DARK 
  PAD SHAPE  SHAPE_350RECTX900           0.000 NO     DARK 
  PAD SHAPE  SHAPE_1150RECTX1550         0.000 NO     DARK 
  PAD SHAPE  BULLET_400X900_SM           0.000 NO     DARK 
  PAD SHAPE  SHAPE_400RECTX1000          0.000 NO     DARK 
  PAD SHAPE  SHAPE_400RECTX1100          0.000 NO     DARK 
  PAD SHAPE  SHAPE_740RECTX750           0.000 NO     DARK 
  PAD SHAPE  SHAPE_400RECTX1550          0.000 NO     DARK 
  PAD SHAPE  SHAPE_1300RECT1550          0.000 NO     DARK 
  PAD SHAPE  SHAPE_400RECTX550           0.000 NO     DARK 
  PAD SHAPE  SHAPE_2400X1650__SM         0.000 NO     DARK 
  PAD SHAPE  SHAPE_450RECTX500_SM100     0.000 NO     DARK 
  PAD SHAPE  SHAPE_400RECT500            0.000 NO     DARK 
  PAD SHAPE  SHAPE_1100RECTX1150_SM150   0.000 NO     DARK 
  PAD SHAPE  SHAPE_1300RECTX1600         0.000 NO     DARK 
  PAD SHAPE  SHAPE_740RECTX750          45.000 NO     DARK 
  PAD SHAPE  SHAPE_650RECTX675          45.000 NO     DARK 
  PAD SHAPE  SHAPE_1350RECTX1550_SM150  90.000 NO     DARK 
  PAD SHAPE  SHAPE_1100RECT1150         90.000 NO     DARK 
  PAD SHAPE  SHAPE_400RECTX1550         90.000 NO     DARK 
  PAD SHAPE  SHAPE_600X1700_SM          90.000 NO     DARK 
  PAD SHAPE  SHAPE_300RECTX750          90.000 NO     DARK 
  PAD SHAPE  SHAPE_2500RECT2700         90.000 NO     DARK 
  PAD SHAPE  SHAPE_400RECTX1000         90.000 NO     DARK 
  PAD SHAPE  SHAPE_1300RECTX4950        90.000 NO     DARK 
  PAD SHAPE  SHAPE_1300RECTX1950_SM150  90.000 NO     DARK 
  PAD SHAPE  SHAPE_740RECTX750          90.000 NO     DARK 
  PAD SHAPE  SHAPE_750RECTX1500         90.000 NO     DARK 
  PAD SHAPE  SHAPE_900RECT900           90.000 NO     DARK 
  PAD SHAPE  SHAPE_1150RECT1950         90.000 NO     DARK 
  PAD SHAPE  SHAPE_550RECTX650          90.000 NO     DARK 
  PAD SHAPE  SHAPE_650RECTX675          90.000 NO     DARK 
  PAD SHAPE  SHAPE_900RECT1050          90.000 NO     DARK 
  PAD SHAPE  SHAPE_1050RECTX1450        90.000 NO     DARK 
  PAD SHAPE  SHAPE_300RECTX1000         90.000 NO     DARK 
  PAD SHAPE  SHAPE_1300RECTX1600        90.000 NO     DARK 
  PAD SHAPE  BULLET_400X900_SM          90.000 NO     DARK 
  PAD SHAPE  SHAPE_1100RECTX1150_SM150  90.000 NO     DARK 
  PAD SHAPE  SHAPE_740RECTX750         135.000 NO     DARK 
  PAD SHAPE  SHAPE_650RECTX675         135.000 NO     DARK 
  PAD SHAPE  SHAPE_950RECTX1050_SM150  135.000 NO     DARK 
  PAD SHAPE  SHAPE_300RECTX900         180.000 NO     DARK 
  PAD SHAPE  SHAPE_1050RECTX1450       180.000 NO     DARK 
  PAD SHAPE  SHAPE_450RECTX500_SM100   180.000 NO     DARK 
  PAD SHAPE  SHAPE_650RECTX675         180.000 NO     DARK 
  PAD SHAPE  SHAPE_1300RECTX1600       180.000 NO     DARK 
  PAD SHAPE  SHAPE_1100RECTX1150_SM150 180.000 NO     DARK 
  PAD SHAPE  SHAPE_740RECTX750         180.000 NO     DARK 
  PAD SHAPE  SHAPE_350RECTX900         180.000 NO     DARK 
  PAD SHAPE  SHAPE_1100RECT1150        180.000 NO     DARK 
  PAD SHAPE  SHAPE_1150RECTX1550       180.000 NO     DARK 
  PAD SHAPE  SHAPE_300RECTX750         180.000 NO     DARK 
  PAD SHAPE  BULLET_400X900_SM         180.000 NO     DARK 
  PAD SHAPE  SHAPE_900RECT1050         180.000 NO     DARK 
  PAD SHAPE  SHAPE_750RECTX1500        180.000 NO     DARK 
  PAD SHAPE  SHAPE_400RECTX1100        180.000 NO     DARK 
  PAD SHAPE  SHAPE_2400X1650__SM       180.000 NO     DARK 
  PAD SHAPE  SHAPE_550RECTX1350        180.000 NO     DARK 
  PAD SHAPE  SHAPE_550RECTX1600        180.000 NO     DARK 
  PAD SHAPE  SHAPE_650RECTX675         225.000 NO     DARK 
  PAD SHAPE  SHAPE_400RECT850          270.000 NO     DARK 
  PAD SHAPE  SHAPE_450RECT900          270.000 NO     DARK 
  PAD SHAPE  BULLET_400X900_SM         270.000 NO     DARK 
  PAD SHAPE  SHAPE_900RECT900          270.000 NO     DARK 
  PAD SHAPE  SHAPE_1350RECT1550        270.000 NO     DARK 
  PAD SHAPE  SHAPE_650RECTX675         270.000 NO     DARK 
  PAD SHAPE  SHAPE_750RECTX1500        270.000 NO     DARK 
  PAD SHAPE  SHAPE_400RECTX1100        270.000 NO     DARK 
  PAD SHAPE  SHAPE_1150RECTX1550       270.000 NO     DARK 
  PAD SHAPE  SHAPE_740RECTX750         270.000 NO     DARK 
  PAD SHAPE  SHAPE_550RECTX650         270.000 NO     DARK 
  PAD SHAPE  SHAPE_1100RECT1150        270.000 NO     DARK 
  PAD SHAPE  SHAPE_600X1700_SM         270.000 NO     DARK 
  PAD SHAPE  SHAPE_1300RECTX2850_SM150 270.000 NO     DARK 
  PAD SHAPE  SHAPE_300RECTX900         270.000 NO     DARK 
  PAD SHAPE  SHAPE_400RECTX800_SM100   270.000 NO     DARK 
  PAD SHAPE  SHAPE_1050RECTX1450       270.000 NO     DARK 
  PAD SHAPE  SHAPE_450RECTX500_SM100   270.000 NO     DARK 
  PAD SHAPE  SHAPE_1100RECTX1150_SM150 270.000 NO     DARK 
  PAD SHAPE  SHAPE_1300RECTX1600       270.000 NO     DARK 
  PAD SHAPE  SHAPE_650RECTX675         315.000 NO     DARK 

     LAUNCHXL-CC1352R1_soldmask_top created with warnings


================================================================
     PROCESSING FILM < soldmask_bottom >
     TO FILE < //prism.nas.gatech.edu/eshuvaev3/ECE/Desktop/PCB_design_(3.10.2020)/CAD_Source/allegro/LAUNCHXL-CC1352R1_soldmask_bottom.art > ...
================================================================

  FILM PARAMETERS :
  ---------------------------------------------------------
  Undefined line width                0.099
  Mirror code                         NONE
  Rotate angle                        NONE
  Offset x:                           0.000
  Offset y:                           0.000
  Plot negative                       NO
  Suppress unconnected internal pads  DYNAMIC
  Draw holes only                     NO

    WARNING: Arc segment with end points of
	(258.55, 294.34) and (258.69 372.00) converted to a line.
	Its center location (22307.31 294.27) is too large for
	specified integer accuracy of 2 places.



  APERTURES USED:
  ---------------------------------------------------------
  TYPE       SIZE/NAME                   ROT   MIRROR MODE 
  ---------------------------------------------------------
  CIRCLE     0.09900                                  DARK 
  CIRCLE     0.10000                                  DARK 
  CIRCLE     0.18000                                  DARK 
  CIRCLE     0.59900                                  DARK 
  CIRCLE     0.95000                                  DARK 
  CIRCLE     1.10000                                  DARK 
  CIRCLE     1.20000                                  DARK 
  CIRCLE     1.42000                                  DARK 
  CIRCLE     1.42800                                  DARK 
  CIRCLE     1.65000                                  DARK 
  CIRCLE     1.80000                                  DARK 
  CIRCLE     1.84900                                  DARK 
  CIRCLE     3.31600                                  DARK 
  CIRCLE     3.40100                                  DARK 
  CIRCLE     3.95000                                  DARK 
  SQUARE     1.42800                     0.000 NO     DARK 
  OBLONG     2.41600     x 1.20800       0.000 NO     DARK 
  OBLONG     3.01600     x 1.50800       0.000 NO     DARK 
  OBLONG     3.01600     x 1.50800      90.000 NO     DARK 

     LAUNCHXL-CC1352R1_soldmask_bottom created with warnings


================================================================
     PROCESSING FILM < silk_top >
     TO FILE < //prism.nas.gatech.edu/eshuvaev3/ECE/Desktop/PCB_design_(3.10.2020)/CAD_Source/allegro/LAUNCHXL-CC1352R1_silk_top.art > ...
================================================================

  FILM PARAMETERS :
  ---------------------------------------------------------
  Undefined line width                0.099
  Mirror code                         NONE
  Rotate angle                        NONE
  Offset x:                           0.000
  Offset y:                           0.000
  Plot negative                       NO
  Suppress unconnected internal pads  DYNAMIC
  Draw holes only                     NO

    WARNING: Arc segment with end points of
	(203.24, 211.67) and (203.17 211.44) converted to a line.
	Its center location (84.18 251.23) is too large for
	specified integer accuracy of 2 places.

    WARNING: Arc segment with end points of
	(213.64, 244.67) and (213.57 244.44) converted to a line.
	Its center location (94.58 284.23) is too large for
	specified integer accuracy of 2 places.

    WARNING: Arc segment with end points of
	(203.07, 244.72) and (203.00 244.50) converted to a line.
	Its center location (84.01 284.28) is too large for
	specified integer accuracy of 2 places.

    WARNING: Arc segment with end points of
	(213.73, 251.64) and (213.96 251.57) converted to a line.
	Its center location (174.17 132.58) is too large for
	specified integer accuracy of 2 places.

    WARNING: Arc segment with end points of
	(216.28, 251.27) and (216.50 251.20) converted to a line.
	Its center location (176.72 132.21) is too large for
	specified integer accuracy of 2 places.

    WARNING: Arc segment with end points of
	(256.80, 211.50) and (256.73 211.27) converted to a line.
	Its center location (137.74 251.06) is too large for
	specified integer accuracy of 2 places.

    WARNING: Arc segment with end points of
	(258.55, 294.34) and (258.69 372.00) converted to a line.
	Its center location (22307.31 294.27) is too large for
	specified integer accuracy of 2 places.



  APERTURES USED:
  ---------------------------------------------------------
  TYPE       SIZE/NAME                   ROT   MIRROR MODE 
  ---------------------------------------------------------
  CIRCLE     0.09900                                  DARK 
  CIRCLE     0.10000                                  DARK 
  CIRCLE     0.12700                                  DARK 
  CIRCLE     0.18000                                  DARK 
  CIRCLE     0.20000                                  DARK 
  CIRCLE     0.30000                                  DARK 
  CIRCLE     0.40000                                  DARK 
  CIRCLE     0.50000                                  DARK 

     LAUNCHXL-CC1352R1_silk_top created with warnings


================================================================
     PROCESSING FILM < silk_bottom >
     TO FILE < //prism.nas.gatech.edu/eshuvaev3/ECE/Desktop/PCB_design_(3.10.2020)/CAD_Source/allegro/LAUNCHXL-CC1352R1_silk_bottom.art > ...
================================================================

  FILM PARAMETERS :
  ---------------------------------------------------------
  Undefined line width                0.099
  Mirror code                         NONE
  Rotate angle                        NONE
  Offset x:                           0.000
  Offset y:                           0.000
  Plot negative                       NO
  Suppress unconnected internal pads  DYNAMIC
  Draw holes only                     NO

    WARNING: Arc segment with end points of
	(201.66, 211.67) and (201.73 211.44) converted to a line.
	Its center location (320.72 251.23) is too large for
	specified integer accuracy of 2 places.

    WARNING: Arc segment with end points of
	(201.90, 244.60) and (201.97 244.37) converted to a line.
	Its center location (320.96 284.16) is too large for
	specified integer accuracy of 2 places.

    WARNING: Arc segment with end points of
	(211.96, 244.67) and (212.03 244.44) converted to a line.
	Its center location (331.02 284.23) is too large for
	specified integer accuracy of 2 places.

    WARNING: Arc segment with end points of
	(255.50, 211.75) and (255.58 211.52) converted to a line.
	Its center location (374.56 251.31) is too large for
	specified integer accuracy of 2 places.

    WARNING: Arc segment with end points of
	(258.55, 294.34) and (258.69 372.00) converted to a line.
	Its center location (22307.31 294.27) is too large for
	specified integer accuracy of 2 places.



  APERTURES USED:
  ---------------------------------------------------------
  TYPE       SIZE/NAME                   ROT   MIRROR MODE 
  ---------------------------------------------------------
  CIRCLE     0.09900                                  DARK 
  CIRCLE     0.10000                                  DARK 
  CIRCLE     0.14000                                  DARK 
  CIRCLE     0.18000                                  DARK 

     LAUNCHXL-CC1352R1_silk_bottom created with warnings


================================================================
     PROCESSING FILM < assembly_bottom >
     TO FILE < //prism.nas.gatech.edu/eshuvaev3/ECE/Desktop/PCB_design_(3.10.2020)/CAD_Source/allegro/LAUNCHXL-CC1352R1_assembly_bottom.art > ...
================================================================

  FILM PARAMETERS :
  ---------------------------------------------------------
  Undefined line width                0.099
  Mirror code                         NONE
  Rotate angle                        NONE
  Offset x:                           0.000
  Offset y:                           0.000
  Plot negative                       NO
  Suppress unconnected internal pads  DYNAMIC
  Draw holes only                     NO

    WARNING: 0 width line found at (205.900 178.500)
           ... using undefined line width of 0.099

    WARNING: Multiple 0 width lines; all will be treated the same as the first.
           ... using undefined line width of 0.099

    WARNING: Arc segment with end points of
	(258.55, 294.34) and (258.69 372.00) converted to a line.
	Its center location (22307.31 294.27) is too large for
	specified integer accuracy of 2 places.



  APERTURES USED:
  ---------------------------------------------------------
  TYPE       SIZE/NAME                   ROT   MIRROR MODE 
  ---------------------------------------------------------
  CIRCLE     0.05000                                  DARK 
  CIRCLE     0.09900                                  DARK 
  CIRCLE     0.10000                                  DARK 
  CIRCLE     0.18000                                  DARK 

     LAUNCHXL-CC1352R1_assembly_bottom created with warnings


================================================================
     PROCESSING FILM < Top >
     TO FILE < //prism.nas.gatech.edu/eshuvaev3/ECE/Desktop/PCB_design_(3.10.2020)/CAD_Source/allegro/LAUNCHXL-CC1352R1_Top.art > ...
================================================================

  FILM PARAMETERS :
  ---------------------------------------------------------
  Undefined line width                0.099
  Mirror code                         NONE
  Rotate angle                        NONE
  Offset x:                           0.000
  Offset y:                           0.000
  Plot negative                       NO
  Suppress unconnected internal pads  DYNAMIC
  Draw holes only                     NO

    WARNING: Film contains objects with associated DRCs (194).
           In the design editor view this film and enable visibility for the
           associated DRC layer. Verify the DRCs are approved exceptions to your rules.
    WARNING: Arc segment with end points of
	(258.55, 294.34) and (258.69 372.00) converted to a line.
	Its center location (22307.31 294.27) is too large for
	specified integer accuracy of 2 places.



  APERTURES USED:
  ---------------------------------------------------------
  TYPE       SIZE/NAME                   ROT   MIRROR MODE 
  ---------------------------------------------------------
  CIRCLE     0.09900                                  DARK 
  CIRCLE     0.10000                                  DARK 
  CIRCLE     0.15000                                  DARK 
  CIRCLE     0.18000                                  DARK 
  CIRCLE     0.20000                                  DARK 
  CIRCLE     0.30000                                  DARK 
  CIRCLE     0.32000                                  DARK 
  CIRCLE     0.40000                                  DARK 
  CIRCLE     0.50000                                  DARK 
  CIRCLE     0.70000                                  DARK 
  CIRCLE     1.00000                                  DARK 
  CIRCLE     1.27000                                  DARK 
  CIRCLE     1.42800                                  DARK 
  CIRCLE     1.65000                                  DARK 
  CIRCLE     1.69900                                  DARK 
  CIRCLE     1.80000                                  DARK 
  CIRCLE     3.31600                                  DARK 
  CIRCLE     3.80000                                  DARK 
  SQUARE     1.42800                     0.000 NO     DARK 
  SQUARE     3.25000                     0.000 NO     DARK 
  SQUARE     5.25000                     0.000 NO     DARK 
  RECTANGLE  0.30000     x 1.70000      90.000 NO     DARK 
  RECTANGLE  0.90000     x 1.70000       0.000 NO     DARK 
  RECTANGLE  1.00000     x 2.00000      90.000 NO     DARK 
  RECTANGLE  1.38000     x 0.45000       0.000 NO     DARK 
  RECTANGLE  1.65000     x 2.50000       0.000 NO     DARK 
  RECTANGLE  1.65000     x 2.50000      90.000 NO     DARK 
  RECTANGLE  1.90000     x 1.37500       0.000 NO     DARK 
  RECTANGLE  2.10000     x 1.47500       0.000 NO     DARK 
  OBLONG     0.20100     x 1.50100       0.000 NO     DARK 
  OBLONG     0.20100     x 1.50100      90.000 NO     DARK 
  OBLONG     0.30000     x 0.85100       0.000 NO     DARK 
  OBLONG     0.30000     x 0.85100      90.000 NO     DARK 
  OBLONG     0.39900     x 0.89900      90.000 NO     DARK 
  OBLONG     0.55100     x 2.05000       0.000 NO     DARK 
  OBLONG     0.60000     x 1.55000      90.000 NO     DARK 
  OBLONG     0.75000     x 0.85000       0.000 NO     DARK 
  OBLONG     2.41600     x 1.20800       0.000 NO     DARK 
  OBLONG     3.01600     x 1.50800       0.000 NO     DARK 
  OBLONG     3.01600     x 1.50800      90.000 NO     DARK 
  PAD SHAPE  SHAPE_300RECT750            0.000 NO     DARK 
  PAD SHAPE  SHAPE_600RECT700            0.000 NO     DARK 
  PAD SHAPE  SHAPE_300RECTX1000          0.000 NO     DARK 
  PAD SHAPE  SHAPE_950RECTX1000_ETCH     0.000 NO     DARK 
  PAD SHAPE  SHAPE_640RECTX650           0.000 NO     DARK 
  PAD SHAPE  SHAPE_2000RECT2000          0.000 NO     DARK 
  PAD SHAPE  SHAPE_300RECTX450           0.000 NO     DARK 
  PAD SHAPE  SHAPE_1150RECT1400          0.000 NO     DARK 
  PAD SHAPE  SHAPE_300RECTX1450          0.000 NO     DARK 
  PAD SHAPE  SHAPE_500RECTX525           0.000 NO     DARK 
  PAD SHAPE  SHAPE_1150RECTX1450         0.000 NO     DARK 
  PAD SHAPE  SHAPE_1000RECTX1400         0.000 NO     DARK 
  PAD SHAPE  SHAPE_250RECTX800           0.000 NO     DARK 
  PAD SHAPE  SHAPE_300RECTX900           0.000 NO     DARK 
  PAD SHAPE  SHAPE_350RECTX550_ETCH      0.000 NO     DARK 
  PAD SHAPE  SHAPE_350RECTX400_ETCH      0.000 NO     DARK 
  PAD SHAPE  SHAPE_2400X1650__ETCH       0.000 NO     DARK 
  PAD SHAPE  SHAPE_300RECT400            0.000 NO     DARK 
  PAD SHAPE  BULLET_300X800_ETCH         0.000 NO     DARK 
  PAD SHAPE  SHAPE_640RECTX650          45.000 NO     DARK 
  PAD SHAPE  SHAPE_500RECTX525          45.000 NO     DARK 
  PAD SHAPE  SHAPE_300RECTX1450         90.000 NO     DARK 
  PAD SHAPE  SHAPE_950RECT1000          90.000 NO     DARK 
  PAD SHAPE  SHAPE_600RECTX1350         90.000 NO     DARK 
  PAD SHAPE  SHAPE_900RECTX1300         90.000 NO     DARK 
  PAD SHAPE  BULLET_300X800_ETCH        90.000 NO     DARK 
  PAD SHAPE  SHAPE_2350RECT2550         90.000 NO     DARK 
  PAD SHAPE  SHAPE_640RECTX650          90.000 NO     DARK 
  PAD SHAPE  SHAPE_1200RECTX1400_ETCH   90.000 NO     DARK 
  PAD SHAPE  SHAPE_1000RECT1800         90.000 NO     DARK 
  PAD SHAPE  SHAPE_500RECTX525          90.000 NO     DARK 
  PAD SHAPE  SHAPE_750RECT900           90.000 NO     DARK 
  PAD SHAPE  SHAPE_1150RECTX4800        90.000 NO     DARK 
  PAD SHAPE  SHAPE_200RECTX650          90.000 NO     DARK 
  PAD SHAPE  SHAPE_750RECT750           90.000 NO     DARK 
  PAD SHAPE  SHAPE_400RECTX500          90.000 NO     DARK 
  PAD SHAPE  SHAPE_600X1700_ETCH        90.000 NO     DARK 
  PAD SHAPE  SHAPE_950RECTX1000_ETCH    90.000 NO     DARK 
  PAD SHAPE  SHAPE_1150RECTX1800_ETCH   90.000 NO     DARK 
  PAD SHAPE  SHAPE_300RECTX900          90.000 NO     DARK 
  PAD SHAPE  SHAPE_1150RECTX1450        90.000 NO     DARK 
  PAD SHAPE  SHAPE_200RECTX900          90.000 NO     DARK 
  PAD SHAPE  SHAPE_800RECTX900_ETCH    135.000 NO     DARK 
  PAD SHAPE  SHAPE_500RECTX525         135.000 NO     DARK 
  PAD SHAPE  SHAPE_640RECTX650         135.000 NO     DARK 
  PAD SHAPE  SHAPE_1150RECTX1450       180.000 NO     DARK 
  PAD SHAPE  SHAPE_2400X1650__ETCH     180.000 NO     DARK 
  PAD SHAPE  SHAPE_350RECTX400_ETCH    180.000 NO     DARK 
  PAD SHAPE  SHAPE_1000RECTX1400       180.000 NO     DARK 
  PAD SHAPE  SHAPE_200RECTX800         180.000 NO     DARK 
  PAD SHAPE  SHAPE_750RECT900          180.000 NO     DARK 
  PAD SHAPE  SHAPE_300RECTX1000        180.000 NO     DARK 
  PAD SHAPE  SHAPE_250RECTX800         180.000 NO     DARK 
  PAD SHAPE  SHAPE_450RECTX1500        180.000 NO     DARK 
  PAD SHAPE  SHAPE_500RECTX525         180.000 NO     DARK 
  PAD SHAPE  BULLET_300X800_ETCH       180.000 NO     DARK 
  PAD SHAPE  SHAPE_400RECTX1200        180.000 NO     DARK 
  PAD SHAPE  SHAPE_950RECTX1000_ETCH   180.000 NO     DARK 
  PAD SHAPE  SHAPE_640RECTX650         180.000 NO     DARK 
  PAD SHAPE  SHAPE_900RECTX1300        180.000 NO     DARK 
  PAD SHAPE  SHAPE_950RECT1000         180.000 NO     DARK 
  PAD SHAPE  SHAPE_600RECTX1350        180.000 NO     DARK 
  PAD SHAPE  SHAPE_200RECTX650         180.000 NO     DARK 
  PAD SHAPE  SHAPE_500RECTX525         225.000 NO     DARK 
  PAD SHAPE  SHAPE_900RECTX1300        270.000 NO     DARK 
  PAD SHAPE  SHAPE_640RECTX650         270.000 NO     DARK 
  PAD SHAPE  SHAPE_600X1700_ETCH       270.000 NO     DARK 
  PAD SHAPE  SHAPE_300RECT750          270.000 NO     DARK 
  PAD SHAPE  BULLET_300X800_ETCH       270.000 NO     DARK 
  PAD SHAPE  SHAPE_350RECT800          270.000 NO     DARK 
  PAD SHAPE  SHAPE_500RECTX525         270.000 NO     DARK 
  PAD SHAPE  SHAPE_1000RECTX1400       270.000 NO     DARK 
  PAD SHAPE  SHAPE_600RECTX1350        270.000 NO     DARK 
  PAD SHAPE  SHAPE_400RECTX500         270.000 NO     DARK 
  PAD SHAPE  SHAPE_950RECTX1000_ETCH   270.000 NO     DARK 
  PAD SHAPE  SHAPE_1200RECT1400        270.000 NO     DARK 
  PAD SHAPE  SHAPE_200RECTX800         270.000 NO     DARK 
  PAD SHAPE  SHAPE_1150RECTX1450       270.000 NO     DARK 
  PAD SHAPE  SHAPE_350RECTX400_ETCH    270.000 NO     DARK 
  PAD SHAPE  SHAPE_1150RECTX2700_ETCH  270.000 NO     DARK 
  PAD SHAPE  SHAPE_750RECT750          270.000 NO     DARK 
  PAD SHAPE  SHAPE_300RECTX1000        270.000 NO     DARK 
  PAD SHAPE  SHAPE_300RECTX700_ETCH    270.000 NO     DARK 
  PAD SHAPE  SHAPE_950RECT1000         270.000 NO     DARK 
  PAD SHAPE  SHAPE_500RECTX525         315.000 NO     DARK 

     LAUNCHXL-CC1352R1_Top created with warnings


================================================================
     PROCESSING FILM < Bottom >
     TO FILE < //prism.nas.gatech.edu/eshuvaev3/ECE/Desktop/PCB_design_(3.10.2020)/CAD_Source/allegro/LAUNCHXL-CC1352R1_Bottom.art > ...
================================================================

  FILM PARAMETERS :
  ---------------------------------------------------------
  Undefined line width                0.099
  Mirror code                         NONE
  Rotate angle                        NONE
  Offset x:                           0.000
  Offset y:                           0.000
  Plot negative                       NO
  Suppress unconnected internal pads  DYNAMIC
  Draw holes only                     NO

    WARNING: Film contains objects with associated DRCs (61).
           In the design editor view this film and enable visibility for the
           associated DRC layer. Verify the DRCs are approved exceptions to your rules.
    WARNING: Arc segment with end points of
	(258.55, 294.34) and (258.69 372.00) converted to a line.
	Its center location (22307.31 294.27) is too large for
	specified integer accuracy of 2 places.



  APERTURES USED:
  ---------------------------------------------------------
  TYPE       SIZE/NAME                   ROT   MIRROR MODE 
  ---------------------------------------------------------
  CIRCLE     0.09900                                  DARK 
  CIRCLE     0.10000                                  DARK 
  CIRCLE     0.15000                                  DARK 
  CIRCLE     0.18000                                  DARK 
  CIRCLE     0.20000                                  DARK 
  CIRCLE     0.30000                                  DARK 
  CIRCLE     0.40000                                  DARK 
  CIRCLE     0.50000                                  DARK 
  CIRCLE     0.80000                                  DARK 
  CIRCLE     1.27000                                  DARK 
  CIRCLE     1.42800                                  DARK 
  CIRCLE     1.65000                                  DARK 
  CIRCLE     1.69900                                  DARK 
  CIRCLE     3.31600                                  DARK 
  CIRCLE     3.80000                                  DARK 
  SQUARE     1.42800                     0.000 NO     DARK 
  OBLONG     2.41600     x 1.20800       0.000 NO     DARK 
  OBLONG     3.01600     x 1.50800       0.000 NO     DARK 
  OBLONG     3.01600     x 1.50800      90.000 NO     DARK 

     LAUNCHXL-CC1352R1_Bottom created with warnings


================================================================
     PROCESSING FILM < assembly_top >
     TO FILE < //prism.nas.gatech.edu/eshuvaev3/ECE/Desktop/PCB_design_(3.10.2020)/CAD_Source/allegro/LAUNCHXL-CC1352R1_assembly_top.art > ...
================================================================

  FILM PARAMETERS :
  ---------------------------------------------------------
  Undefined line width                0.099
  Mirror code                         NONE
  Rotate angle                        NONE
  Offset x:                           0.000
  Offset y:                           0.000
  Plot negative                       NO
  Suppress unconnected internal pads  DYNAMIC
  Draw holes only                     NO

    WARNING: Arc segment with end points of
	(258.55, 294.34) and (258.69 372.00) converted to a line.
	Its center location (22307.31 294.27) is too large for
	specified integer accuracy of 2 places.



  APERTURES USED:
  ---------------------------------------------------------
  TYPE       SIZE/NAME                   ROT   MIRROR MODE 
  ---------------------------------------------------------
  CIRCLE     0.03000                                  DARK 
  CIRCLE     0.05100                                  DARK 
  CIRCLE     0.09900                                  DARK 
  CIRCLE     0.10000                                  DARK 
  CIRCLE     0.12700                                  DARK 
  CIRCLE     0.18000                                  DARK 
  CIRCLE     0.20000                                  DARK 
  CIRCLE     0.30000                                  DARK 

     LAUNCHXL-CC1352R1_assembly_top created with warnings


================================================================
     PROCESSING FILM < drill >
     TO FILE < //prism.nas.gatech.edu/eshuvaev3/ECE/Desktop/PCB_design_(3.10.2020)/CAD_Source/allegro/LAUNCHXL-CC1352R1_drill.art > ...
================================================================

  FILM PARAMETERS :
  ---------------------------------------------------------
  Undefined line width                0.099
  Mirror code                         NONE
  Rotate angle                        NONE
  Offset x:                           0.000
  Offset y:                           0.000
  Plot negative                       NO
  Suppress unconnected internal pads  DYNAMIC
  Draw holes only                     NO

    WARNING: Arc segment with end points of
	(258.55, 294.34) and (258.69 372.00) converted to a line.
	Its center location (22307.31 294.27) is too large for
	specified integer accuracy of 2 places.



  APERTURES USED:
  ---------------------------------------------------------
  TYPE       SIZE/NAME                   ROT   MIRROR MODE 
  ---------------------------------------------------------
  CIRCLE     0.09900                                  DARK 
  CIRCLE     0.10000                                  DARK 
  CIRCLE     0.15000                                  DARK 
  CIRCLE     0.18000                                  DARK 
  CIRCLE     0.30500                                  DARK 

     LAUNCHXL-CC1352R1_drill created with warnings


================================================================
     PROCESSING FILM < Layer2 >
     TO FILE < //prism.nas.gatech.edu/eshuvaev3/ECE/Desktop/PCB_design_(3.10.2020)/CAD_Source/allegro/LAUNCHXL-CC1352R1_Layer2.art > ...
================================================================

  FILM PARAMETERS :
  ---------------------------------------------------------
  Undefined line width                0.020
  Mirror code                         NONE
  Rotate angle                        NONE
  Offset x:                           0.000
  Offset y:                           0.000
  Plot negative                       NO
  Suppress unconnected internal pads  DYNAMIC
  Draw holes only                     NO

    WARNING: Film contains objects with associated DRCs (8).
           In the design editor view this film and enable visibility for the
           associated DRC layer. Verify the DRCs are approved exceptions to your rules.
    WARNING: Arc segment with end points of
	(258.19, 371.69) and (258.05 294.34) converted to a line.
	Its center location (21964.12 294.29) is too large for
	specified integer accuracy of 2 places.

    WARNING: Arc segment with end points of
	(258.55, 294.34) and (258.69 372.00) converted to a line.
	Its center location (22307.31 294.27) is too large for
	specified integer accuracy of 2 places.



  APERTURES USED:
  ---------------------------------------------------------
  TYPE       SIZE/NAME                   ROT   MIRROR MODE 
  ---------------------------------------------------------
  CIRCLE     0.02000                                  DARK 
  CIRCLE     0.09900                                  DARK 
  CIRCLE     0.10000                                  DARK 
  CIRCLE     0.15000                                  DARK 
  CIRCLE     0.18000                                  DARK 
  CIRCLE     0.40000                                  DARK 
  CIRCLE     0.50000                                  DARK 
  CIRCLE     1.42800                                  DARK 
  CIRCLE     1.65000                                  DARK 
  CIRCLE     1.69900                                  DARK 
  CIRCLE     3.31600                                  DARK 
  CIRCLE     3.80000                                  DARK 
  SQUARE     1.42800                     0.000 NO     DARK 
  OBLONG     2.41600     x 1.20800       0.000 NO     DARK 
  OBLONG     3.01600     x 1.50800       0.000 NO     DARK 
  OBLONG     3.01600     x 1.50800      90.000 NO     DARK 

     LAUNCHXL-CC1352R1_Layer2 created with warnings


================================================================
     PROCESSING FILM < Layer3 >
     TO FILE < //prism.nas.gatech.edu/eshuvaev3/ECE/Desktop/PCB_design_(3.10.2020)/CAD_Source/allegro/LAUNCHXL-CC1352R1_Layer3.art > ...
================================================================

  FILM PARAMETERS :
  ---------------------------------------------------------
  Undefined line width                0.020
  Mirror code                         NONE
  Rotate angle                        NONE
  Offset x:                           0.000
  Offset y:                           0.000
  Plot negative                       NO
  Suppress unconnected internal pads  DYNAMIC
  Draw holes only                     NO

    WARNING: Film contains objects with associated DRCs (30).
           In the design editor view this film and enable visibility for the
           associated DRC layer. Verify the DRCs are approved exceptions to your rules.
    WARNING: Arc segment with end points of
	(258.55, 294.34) and (258.69 372.00) converted to a line.
	Its center location (22307.31 294.27) is too large for
	specified integer accuracy of 2 places.



  APERTURES USED:
  ---------------------------------------------------------
  TYPE       SIZE/NAME                   ROT   MIRROR MODE 
  ---------------------------------------------------------
  CIRCLE     0.02000                                  DARK 
  CIRCLE     0.09900                                  DARK 
  CIRCLE     0.10000                                  DARK 
  CIRCLE     0.15000                                  DARK 
  CIRCLE     0.18000                                  DARK 
  CIRCLE     0.32000                                  DARK 
  CIRCLE     0.40000                                  DARK 
  CIRCLE     1.00000                                  DARK 
  CIRCLE     1.42800                                  DARK 
  CIRCLE     1.65000                                  DARK 
  CIRCLE     1.69900                                  DARK 
  CIRCLE     3.31600                                  DARK 
  CIRCLE     3.80000                                  DARK 
  SQUARE     1.42800                     0.000 NO     DARK 
  OBLONG     2.41600     x 1.20800       0.000 NO     DARK 
  OBLONG     3.01600     x 1.50800       0.000 NO     DARK 
  OBLONG     3.01600     x 1.50800      90.000 NO     DARK 

     LAUNCHXL-CC1352R1_Layer3 created with warnings


================================================================
     PROCESSING FILM < assembly_bottom_mirrored >
     TO FILE < //prism.nas.gatech.edu/eshuvaev3/ECE/Desktop/PCB_design_(3.10.2020)/CAD_Source/allegro/LAUNCHXL-CC1352R1_assembly_bottom_mirrored.art > ...
================================================================

  FILM PARAMETERS :
  ---------------------------------------------------------
  Undefined line width                0.099
  Mirror code                         X
  Rotate angle                        NONE
  Offset x:                           0.000
  Offset y:                           0.000
  Plot negative                       NO
  Suppress unconnected internal pads  DYNAMIC
  Draw holes only                     NO

    WARNING: Arc segment with end points of
	(258.55, 294.34) and (258.69 372.00) converted to a line.
	Its center location (22307.31 294.27) is too large for
	specified integer accuracy of 2 places.



  APERTURES USED:
  ---------------------------------------------------------
  TYPE       SIZE/NAME                   ROT   MIRROR MODE 
  ---------------------------------------------------------
  CIRCLE     0.05000                                  DARK 
  CIRCLE     0.09900                                  DARK 
  CIRCLE     0.10000                                  DARK 

     LAUNCHXL-CC1352R1_assembly_bottom_mirrored created with warnings


================================================================
     PROCESSING FILM < WorkView >
     TO FILE < //prism.nas.gatech.edu/eshuvaev3/ECE/Desktop/PCB_design_(3.10.2020)/CAD_Source/allegro/LAUNCHXL-CC1352R1_WorkView.art > ...
================================================================

  FILM PARAMETERS :
  ---------------------------------------------------------
  Undefined line width                0.000
  Mirror code                         NONE
  Rotate angle                        NONE
  Offset x:                           0.000
  Offset y:                           0.000
  Plot negative                       NO
  Suppress unconnected internal pads  DYNAMIC
  Draw holes only                     NO

    WARNING: rectangle or unfilled shape composed 0 width line found at (206.150 178.500)
           ... ignored.

    WARNING: rectangle or unfilled shape having Multiple 0 width lines; all will be treated the same as the first.
           ... ignored.



  APERTURES USED:
  ---------------------------------------------------------
  TYPE       SIZE/NAME                   ROT   MIRROR MODE 
  ---------------------------------------------------------
  CIRCLE     0.12700                                  DARK 
  CIRCLE     0.20000                                  DARK 
  CIRCLE     0.30000                                  DARK 

     LAUNCHXL-CC1352R1_WorkView created with warnings


================================================================
     PROCESSING FILM < Silk_top_workview >
     TO FILE < //prism.nas.gatech.edu/eshuvaev3/ECE/Desktop/PCB_design_(3.10.2020)/CAD_Source/allegro/LAUNCHXL-CC1352R1_Silk_top_workview.art > ...
================================================================

  FILM PARAMETERS :
  ---------------------------------------------------------
  Undefined line width                0.100
  Mirror code                         NONE
  Rotate angle                        NONE
  Offset x:                           0.000
  Offset y:                           0.000
  Plot negative                       NO
  Suppress unconnected internal pads  DYNAMIC
  Draw holes only                     NO

    WARNING: Arc segment with end points of
	(203.24, 211.67) and (203.17 211.44) converted to a line.
	Its center location (84.18 251.23) is too large for
	specified integer accuracy of 2 places.

    WARNING: Arc segment with end points of
	(213.64, 244.67) and (213.57 244.44) converted to a line.
	Its center location (94.58 284.23) is too large for
	specified integer accuracy of 2 places.

    WARNING: Arc segment with end points of
	(203.07, 244.72) and (203.00 244.50) converted to a line.
	Its center location (84.01 284.28) is too large for
	specified integer accuracy of 2 places.

    WARNING: Arc segment with end points of
	(213.73, 251.64) and (213.96 251.57) converted to a line.
	Its center location (174.17 132.58) is too large for
	specified integer accuracy of 2 places.

    WARNING: Arc segment with end points of
	(216.28, 251.27) and (216.50 251.20) converted to a line.
	Its center location (176.72 132.21) is too large for
	specified integer accuracy of 2 places.

    WARNING: Arc segment with end points of
	(256.80, 211.50) and (256.73 211.27) converted to a line.
	Its center location (137.74 251.06) is too large for
	specified integer accuracy of 2 places.

    WARNING: Arc segment with end points of
	(258.55, 294.34) and (258.69 372.00) converted to a line.
	Its center location (22307.31 294.27) is too large for
	specified integer accuracy of 2 places.



  APERTURES USED:
  ---------------------------------------------------------
  TYPE       SIZE/NAME                   ROT   MIRROR MODE 
  ---------------------------------------------------------
  CIRCLE     0.00300                                  DARK 
  CIRCLE     0.03000                                  DARK 
  CIRCLE     0.05000                                  DARK 
  CIRCLE     0.09900                                  DARK 
  CIRCLE     0.10000                                  DARK 
  CIRCLE     0.12700                                  DARK 
  CIRCLE     0.15000                                  DARK 
  CIRCLE     0.18000                                  DARK 
  CIRCLE     0.20000                                  DARK 
  CIRCLE     0.30000                                  DARK 
  CIRCLE     0.40000                                  DARK 
  CIRCLE     0.50000                                  DARK 
  CIRCLE     1.27000                                  DARK 
  CIRCLE     1.42800                                  DARK 
  CIRCLE     1.65000                                  DARK 
  CIRCLE     1.69900                                  DARK 
  CIRCLE     1.80000                                  DARK 
  CIRCLE     3.31600                                  DARK 
  CIRCLE     3.80000                                  DARK 
  SQUARE     1.42800                     0.000 NO     DARK 
  SQUARE     3.25000                     0.000 NO     DARK 
  SQUARE     5.25000                     0.000 NO     DARK 
  RECTANGLE  0.30000     x 1.70000      90.000 NO     DARK 
  RECTANGLE  0.90000     x 1.70000       0.000 NO     DARK 
  RECTANGLE  1.00000     x 2.00000      90.000 NO     DARK 
  RECTANGLE  1.38000     x 0.45000       0.000 NO     DARK 
  RECTANGLE  1.65000     x 2.50000       0.000 NO     DARK 
  RECTANGLE  1.65000     x 2.50000      90.000 NO     DARK 
  RECTANGLE  1.90000     x 1.37500       0.000 NO     DARK 
  RECTANGLE  2.10000     x 1.47500       0.000 NO     DARK 
  OBLONG     0.20100     x 1.50100       0.000 NO     DARK 
  OBLONG     0.20100     x 1.50100      90.000 NO     DARK 
  OBLONG     0.30000     x 0.85100       0.000 NO     DARK 
  OBLONG     0.30000     x 0.85100      90.000 NO     DARK 
  OBLONG     0.39900     x 0.89900      90.000 NO     DARK 
  OBLONG     0.55100     x 2.05000       0.000 NO     DARK 
  OBLONG     0.60000     x 1.55000      90.000 NO     DARK 
  OBLONG     0.75000     x 0.85000       0.000 NO     DARK 
  OBLONG     2.41600     x 1.20800       0.000 NO     DARK 
  OBLONG     3.01600     x 1.50800       0.000 NO     DARK 
  OBLONG     3.01600     x 1.50800      90.000 NO     DARK 
  PAD SHAPE  SHAPE_300RECT750            0.000 NO     DARK 
  PAD SHAPE  SHAPE_950RECTX1000_ETCH     0.000 NO     DARK 
  PAD SHAPE  SHAPE_300RECTX1000          0.000 NO     DARK 
  PAD SHAPE  SHAPE_600RECT700            0.000 NO     DARK 
  PAD SHAPE  SHAPE_640RECTX650           0.000 NO     DARK 
  PAD SHAPE  SHAPE_2000RECT2000          0.000 NO     DARK 
  PAD SHAPE  SHAPE_300RECTX450           0.000 NO     DARK 
  PAD SHAPE  SHAPE_1150RECT1400          0.000 NO     DARK 
  PAD SHAPE  SHAPE_300RECTX1450          0.000 NO     DARK 
  PAD SHAPE  SHAPE_500RECTX525           0.000 NO     DARK 
  PAD SHAPE  SHAPE_1150RECTX1450         0.000 NO     DARK 
  PAD SHAPE  SHAPE_1000RECTX1400         0.000 NO     DARK 
  PAD SHAPE  SHAPE_250RECTX800           0.000 NO     DARK 
  PAD SHAPE  SHAPE_300RECTX900           0.000 NO     DARK 
  PAD SHAPE  SHAPE_350RECTX550_ETCH      0.000 NO     DARK 
  PAD SHAPE  SHAPE_350RECTX400_ETCH      0.000 NO     DARK 
  PAD SHAPE  SHAPE_2400X1650__ETCH       0.000 NO     DARK 
  PAD SHAPE  SHAPE_300RECT400            0.000 NO     DARK 
  PAD SHAPE  BULLET_300X800_ETCH         0.000 NO     DARK 
  PAD SHAPE  SHAPE_640RECTX650          45.000 NO     DARK 
  PAD SHAPE  SHAPE_500RECTX525          45.000 NO     DARK 
  PAD SHAPE  SHAPE_300RECTX1450         90.000 NO     DARK 
  PAD SHAPE  SHAPE_950RECT1000          90.000 NO     DARK 
  PAD SHAPE  SHAPE_600RECTX1350         90.000 NO     DARK 
  PAD SHAPE  SHAPE_900RECTX1300         90.000 NO     DARK 
  PAD SHAPE  BULLET_300X800_ETCH        90.000 NO     DARK 
  PAD SHAPE  SHAPE_950RECTX1000_ETCH    90.000 NO     DARK 
  PAD SHAPE  SHAPE_640RECTX650          90.000 NO     DARK 
  PAD SHAPE  SHAPE_1200RECTX1400_ETCH   90.000 NO     DARK 
  PAD SHAPE  SHAPE_1000RECT1800         90.000 NO     DARK 
  PAD SHAPE  SHAPE_500RECTX525          90.000 NO     DARK 
  PAD SHAPE  SHAPE_2350RECT2550         90.000 NO     DARK 
  PAD SHAPE  SHAPE_1150RECTX4800        90.000 NO     DARK 
  PAD SHAPE  SHAPE_200RECTX650          90.000 NO     DARK 
  PAD SHAPE  SHAPE_750RECT900           90.000 NO     DARK 
  PAD SHAPE  SHAPE_600X1700_ETCH        90.000 NO     DARK 
  PAD SHAPE  SHAPE_300RECTX900          90.000 NO     DARK 
  PAD SHAPE  SHAPE_200RECTX900          90.000 NO     DARK 
  PAD SHAPE  SHAPE_750RECT750           90.000 NO     DARK 
  PAD SHAPE  SHAPE_1150RECTX1800_ETCH   90.000 NO     DARK 
  PAD SHAPE  SHAPE_1150RECTX1450        90.000 NO     DARK 
  PAD SHAPE  SHAPE_400RECTX500          90.000 NO     DARK 
  PAD SHAPE  SHAPE_800RECTX900_ETCH    135.000 NO     DARK 
  PAD SHAPE  SHAPE_500RECTX525         135.000 NO     DARK 
  PAD SHAPE  SHAPE_640RECTX650         135.000 NO     DARK 
  PAD SHAPE  SHAPE_1150RECTX1450       180.000 NO     DARK 
  PAD SHAPE  SHAPE_950RECTX1000_ETCH   180.000 NO     DARK 
  PAD SHAPE  SHAPE_2400X1650__ETCH     180.000 NO     DARK 
  PAD SHAPE  SHAPE_750RECT900          180.000 NO     DARK 
  PAD SHAPE  SHAPE_1000RECTX1400       180.000 NO     DARK 
  PAD SHAPE  SHAPE_200RECTX800         180.000 NO     DARK 
  PAD SHAPE  SHAPE_350RECTX400_ETCH    180.000 NO     DARK 
  PAD SHAPE  SHAPE_300RECTX1000        180.000 NO     DARK 
  PAD SHAPE  SHAPE_450RECTX1500        180.000 NO     DARK 
  PAD SHAPE  SHAPE_250RECTX800         180.000 NO     DARK 
  PAD SHAPE  BULLET_300X800_ETCH       180.000 NO     DARK 
  PAD SHAPE  SHAPE_400RECTX1200        180.000 NO     DARK 
  PAD SHAPE  SHAPE_600RECTX1350        180.000 NO     DARK 
  PAD SHAPE  SHAPE_640RECTX650         180.000 NO     DARK 
  PAD SHAPE  SHAPE_900RECTX1300        180.000 NO     DARK 
  PAD SHAPE  SHAPE_500RECTX525         180.000 NO     DARK 
  PAD SHAPE  SHAPE_200RECTX650         180.000 NO     DARK 
  PAD SHAPE  SHAPE_950RECT1000         180.000 NO     DARK 
  PAD SHAPE  SHAPE_500RECTX525         225.000 NO     DARK 
  PAD SHAPE  SHAPE_640RECTX650         270.000 NO     DARK 
  PAD SHAPE  SHAPE_900RECTX1300        270.000 NO     DARK 
  PAD SHAPE  SHAPE_300RECT750          270.000 NO     DARK 
  PAD SHAPE  BULLET_300X800_ETCH       270.000 NO     DARK 
  PAD SHAPE  SHAPE_600X1700_ETCH       270.000 NO     DARK 
  PAD SHAPE  SHAPE_350RECT800          270.000 NO     DARK 
  PAD SHAPE  SHAPE_500RECTX525         270.000 NO     DARK 
  PAD SHAPE  SHAPE_1000RECTX1400       270.000 NO     DARK 
  PAD SHAPE  SHAPE_600RECTX1350        270.000 NO     DARK 
  PAD SHAPE  SHAPE_400RECTX500         270.000 NO     DARK 
  PAD SHAPE  SHAPE_1150RECTX2700_ETCH  270.000 NO     DARK 
  PAD SHAPE  SHAPE_1200RECT1400        270.000 NO     DARK 
  PAD SHAPE  SHAPE_200RECTX800         270.000 NO     DARK 
  PAD SHAPE  SHAPE_1150RECTX1450       270.000 NO     DARK 
  PAD SHAPE  SHAPE_300RECTX1000        270.000 NO     DARK 
  PAD SHAPE  SHAPE_950RECTX1000_ETCH   270.000 NO     DARK 
  PAD SHAPE  SHAPE_750RECT750          270.000 NO     DARK 
  PAD SHAPE  SHAPE_350RECTX400_ETCH    270.000 NO     DARK 
  PAD SHAPE  SHAPE_300RECTX700_ETCH    270.000 NO     DARK 
  PAD SHAPE  SHAPE_950RECT1000         270.000 NO     DARK 
  PAD SHAPE  SHAPE_500RECTX525         315.000 NO     DARK 

     LAUNCHXL-CC1352R1_Silk_top_workview created with warnings


================================================================
     PROCESSING FILM < OUTLINE >
     TO FILE < //prism.nas.gatech.edu/eshuvaev3/ECE/Desktop/PCB_design_(3.10.2020)/CAD_Source/allegro/LAUNCHXL-CC1352R1_OUTLINE.art > ...
================================================================

  FILM PARAMETERS :
  ---------------------------------------------------------
  Undefined line width                0.100
  Mirror code                         NONE
  Rotate angle                        NONE
  Offset x:                           0.000
  Offset y:                           0.000
  Plot negative                       NO
  Suppress unconnected internal pads  DYNAMIC
  Draw holes only                     NO



  APERTURES USED:
  ---------------------------------------------------------
  TYPE       SIZE/NAME                   ROT   MIRROR MODE 
  ---------------------------------------------------------
  CIRCLE     0.10000                                  DARK 

     LAUNCHXL-CC1352R1_OUTLINE created.


------------------------------------------------------
 SUMMARY:
        LAUNCHXL-CC1352R1_paste_top created with warnings
        LAUNCHXL-CC1352R1_paste_bottom created with warnings
        LAUNCHXL-CC1352R1_soldmask_top created with warnings
        LAUNCHXL-CC1352R1_soldmask_bottom created with warnings
        LAUNCHXL-CC1352R1_silk_top created with warnings
        LAUNCHXL-CC1352R1_silk_bottom created with warnings
        LAUNCHXL-CC1352R1_assembly_bottom created with warnings
        LAUNCHXL-CC1352R1_Top created with warnings
        LAUNCHXL-CC1352R1_Bottom created with warnings
        LAUNCHXL-CC1352R1_assembly_top created with warnings
        LAUNCHXL-CC1352R1_drill created with warnings
        LAUNCHXL-CC1352R1_Layer2 created with warnings
        LAUNCHXL-CC1352R1_Layer3 created with warnings
        LAUNCHXL-CC1352R1_assembly_bottom_mirrored created with warnings
        LAUNCHXL-CC1352R1_WorkView created with warnings
        LAUNCHXL-CC1352R1_Silk_top_workview created with warnings
        LAUNCHXL-CC1352R1_OUTLINE created.

 ARTWORK had warnings
